[2016-04-24 17:40:39] main.DEBUG: cache_invalidate:  {"method":"GET","url":"http:/","invalidateInfo":{"tags":["interception","CONFIG"],"mode":"matchingTag"},"is_exception":false} []
[2016-04-24 17:40:41] main.DEBUG: cache_invalidate:  {"method":"GET","url":"http:/","invalidateInfo":{"tags":[],"mode":"all"},"is_exception":false} []
[2016-04-24 17:40:41] main.DEBUG: cache_invalidate:  {"method":"GET","url":"http:/","invalidateInfo":{"tags":[],"mode":"all"},"is_exception":false} []
[2016-04-24 17:40:44] main.DEBUG: cache_invalidate:  {"method":"GET","url":"http://dev.ambacht/","invalidateInfo":{"tags":["interception","CONFIG"],"mode":"matchingTag"},"is_exception":false} []
[2016-04-24 17:41:41] main.DEBUG: cache_invalidate:  {"method":"GET","url":"http:/","invalidateInfo":{"tags":["interception","CONFIG"],"mode":"matchingTag"},"is_exception":false} []
[2016-04-24 17:41:45] main.DEBUG: cache_invalidate:  {"method":"GET","url":"http:/","invalidateInfo":{"tags":["interception","CONFIG"],"mode":"matchingTag"},"is_exception":false} []
[2016-04-24 17:41:48] main.DEBUG: cache_invalidate:  {"method":"GET","url":"http:/","invalidateInfo":{"tags":["interception","CONFIG"],"mode":"matchingTag"},"is_exception":false} []
[2016-04-24 17:41:52] main.DEBUG: cache_invalidate:  {"method":"GET","url":"http:/","invalidateInfo":{"tags":["interception","CONFIG"],"mode":"matchingTag"},"is_exception":false} []
[2016-04-24 17:42:00] main.DEBUG: cache_invalidate:  {"method":"GET","url":"http:/","invalidateInfo":{"tags":["interception","CONFIG"],"mode":"matchingTag"},"is_exception":false} []
[2016-04-24 17:42:04] main.DEBUG: cache_invalidate:  {"method":"GET","url":"http://dev.ambacht/static/frontend/AmbachtTheme/ambacht/nl_NL/mage/calendar.css?resource=frontend/AmbachtTheme/ambacht/nl_NL/mage/calendar.css","invalidateInfo":{"tags":["interception","CONFIG"],"mode":"matchingTag"},"is_exception":false} []
[2016-04-24 17:42:05] main.DEBUG: cache_invalidate:  {"method":"GET","url":"http://dev.ambacht/static/frontend/AmbachtTheme/ambacht/nl_NL/css/styles-l.css?resource=frontend/AmbachtTheme/ambacht/nl_NL/css/styles-l.css","invalidateInfo":{"tags":["interception","CONFIG"],"mode":"matchingTag"},"is_exception":false} []
[2016-04-24 17:42:05] main.DEBUG: cache_invalidate:  {"method":"GET","url":"http://dev.ambacht/static/frontend/AmbachtTheme/ambacht/nl_NL/main-theme.css?resource=frontend/AmbachtTheme/ambacht/nl_NL/main-theme.css","invalidateInfo":{"tags":["interception","CONFIG"],"mode":"matchingTag"},"is_exception":false} []
[2016-04-24 17:42:05] main.DEBUG: cache_invalidate:  {"method":"GET","url":"http://dev.ambacht/static/frontend/AmbachtTheme/ambacht/nl_NL/css/print.css?resource=frontend/AmbachtTheme/ambacht/nl_NL/css/print.css","invalidateInfo":{"tags":["interception","CONFIG"],"mode":"matchingTag"},"is_exception":false} []
[2016-04-24 17:42:05] main.DEBUG: cache_invalidate:  {"method":"GET","url":"http://dev.ambacht/static/frontend/AmbachtTheme/ambacht/nl_NL/mage/calendar.css?resource=frontend/AmbachtTheme/ambacht/nl_NL/mage/calendar.css","invalidateInfo":{"tags":["interception","CONFIG"],"mode":"matchingTag"},"is_exception":false} []
[2016-04-24 17:42:05] main.DEBUG: cache_invalidate:  {"method":"GET","url":"http://dev.ambacht/static/frontend/AmbachtTheme/ambacht/nl_NL/css/styles-m.css?resource=frontend/AmbachtTheme/ambacht/nl_NL/css/styles-m.css","invalidateInfo":{"tags":["interception","CONFIG"],"mode":"matchingTag"},"is_exception":false} []
[2016-04-24 17:46:22] main.DEBUG: cache_invalidate:  {"method":"GET","url":"http:/","invalidateInfo":{"tags":[],"mode":"all"},"is_exception":false} []
[2016-04-24 17:46:22] main.DEBUG: cache_invalidate:  {"method":"GET","url":"http:/","invalidateInfo":{"tags":[],"mode":"all"},"is_exception":false} []
[2016-04-24 17:46:25] main.DEBUG: cache_invalidate:  {"method":"GET","url":"http://dev.ambacht/static/frontend/AmbachtTheme/ambacht/nl_NL/main-theme.css?resource=frontend/AmbachtTheme/ambacht/nl_NL/main-theme.css","invalidateInfo":{"tags":["interception","CONFIG"],"mode":"matchingTag"},"is_exception":false} []
[2016-04-24 17:46:27] main.DEBUG: cache_invalidate:  {"method":"GET","url":"http://dev.ambacht/static/frontend/AmbachtTheme/ambacht/nl_NL/main-theme.css?resource=frontend/AmbachtTheme/ambacht/nl_NL/main-theme.css","invalidateInfo":{"tags":["interception","CONFIG"],"mode":"matchingTag"},"is_exception":false} []
[2016-04-24 17:46:27] main.DEBUG: cache_invalidate:  {"method":"GET","url":"http://dev.ambacht/static/frontend/AmbachtTheme/ambacht/nl_NL/mage/calendar.css?resource=frontend/AmbachtTheme/ambacht/nl_NL/mage/calendar.css","invalidateInfo":{"tags":["interception","CONFIG"],"mode":"matchingTag"},"is_exception":false} []
[2016-04-24 17:46:27] main.DEBUG: cache_invalidate:  {"method":"GET","url":"http://dev.ambacht/static/frontend/AmbachtTheme/ambacht/nl_NL/css/print.css?resource=frontend/AmbachtTheme/ambacht/nl_NL/css/print.css","invalidateInfo":{"tags":["interception","CONFIG"],"mode":"matchingTag"},"is_exception":false} []
[2016-04-24 19:05:55] main.DEBUG: cache_invalidate:  {"method":"GET","url":"http:/","invalidateInfo":{"tags":[],"mode":"all"},"is_exception":false} []
[2016-04-24 19:05:55] main.DEBUG: cache_invalidate:  {"method":"GET","url":"http:/","invalidateInfo":{"tags":[],"mode":"all"},"is_exception":false} []
[2016-04-24 19:06:05] main.DEBUG: cache_invalidate:  {"method":"GET","url":"http://dev.ambacht/","invalidateInfo":{"tags":["interception","CONFIG"],"mode":"matchingTag"},"is_exception":false} []
[2016-04-24 19:09:12] main.DEBUG: cache_invalidate:  {"method":"GET","url":"http:/","invalidateInfo":{"tags":["interception","CONFIG"],"mode":"matchingTag"},"is_exception":false} []
[2016-04-24 19:09:18] main.DEBUG: cache_invalidate:  {"method":"GET","url":"http:/","invalidateInfo":{"tags":["interception","CONFIG"],"mode":"matchingTag"},"is_exception":false} []
[2016-04-24 19:09:22] main.DEBUG: cache_invalidate:  {"method":"GET","url":"http:/","invalidateInfo":{"tags":["interception","CONFIG"],"mode":"matchingTag"},"is_exception":false} []
[2016-04-24 19:09:27] main.DEBUG: cache_invalidate:  {"method":"GET","url":"http:/","invalidateInfo":{"tags":["interception","CONFIG"],"mode":"matchingTag"},"is_exception":false} []
[2016-04-24 19:09:32] main.DEBUG: cache_invalidate:  {"method":"GET","url":"http:/","invalidateInfo":{"tags":["interception","CONFIG"],"mode":"matchingTag"},"is_exception":false} []
[2016-04-24 19:09:34] main.DEBUG: cache_invalidate:  {"method":"GET","url":"http://dev.ambacht/static/frontend/AmbachtTheme/ambacht/nl_NL/css/styles-m.css?resource=frontend/AmbachtTheme/ambacht/nl_NL/css/styles-m.css","invalidateInfo":{"tags":["interception","CONFIG"],"mode":"matchingTag"},"is_exception":false} []
[2016-04-24 19:09:34] main.DEBUG: cache_invalidate:  {"method":"GET","url":"http://dev.ambacht/static/frontend/AmbachtTheme/ambacht/nl_NL/css/styles-m.css?resource=frontend/AmbachtTheme/ambacht/nl_NL/css/styles-m.css","invalidateInfo":{"tags":["interception","CONFIG"],"mode":"matchingTag"},"is_exception":false} []
[2016-04-24 19:09:34] main.DEBUG: cache_invalidate:  {"method":"GET","url":"http://dev.ambacht/static/frontend/AmbachtTheme/ambacht/nl_NL/css/styles-l.css?resource=frontend/AmbachtTheme/ambacht/nl_NL/css/styles-l.css","invalidateInfo":{"tags":["interception","CONFIG"],"mode":"matchingTag"},"is_exception":false} []
[2016-04-24 19:09:34] main.DEBUG: cache_invalidate:  {"method":"GET","url":"http://dev.ambacht/static/frontend/AmbachtTheme/ambacht/nl_NL/css/main-theme.css?resource=frontend/AmbachtTheme/ambacht/nl_NL/css/main-theme.css","invalidateInfo":{"tags":["interception","CONFIG"],"mode":"matchingTag"},"is_exception":false} []
[2016-04-24 19:09:34] main.DEBUG: cache_invalidate:  {"method":"GET","url":"http://dev.ambacht/static/frontend/AmbachtTheme/ambacht/nl_NL/css/styles-l.css?resource=frontend/AmbachtTheme/ambacht/nl_NL/css/styles-l.css","invalidateInfo":{"tags":["interception","CONFIG"],"mode":"matchingTag"},"is_exception":false} []
[2016-04-24 19:09:34] main.DEBUG: cache_invalidate:  {"method":"GET","url":"http://dev.ambacht/static/frontend/AmbachtTheme/ambacht/nl_NL/mage/calendar.css?resource=frontend/AmbachtTheme/ambacht/nl_NL/mage/calendar.css","invalidateInfo":{"tags":["interception","CONFIG"],"mode":"matchingTag"},"is_exception":false} []
[2016-04-24 19:10:22] main.DEBUG: cache_invalidate:  {"method":"GET","url":"http:/","invalidateInfo":{"tags":[],"mode":"all"},"is_exception":false} []
[2016-04-24 19:10:22] main.DEBUG: cache_invalidate:  {"method":"GET","url":"http:/","invalidateInfo":{"tags":[],"mode":"all"},"is_exception":false} []
[2016-04-24 19:11:13] main.DEBUG: cache_invalidate:  {"method":"GET","url":"http:/","invalidateInfo":{"tags":["interception","CONFIG"],"mode":"matchingTag"},"is_exception":false} []
[2016-04-24 19:18:45] main.DEBUG: cache_invalidate:  {"method":"POST","url":"http://dev.ambacht/admin/admin/index/index/key/d1696f449fdd41382da320f1e537b5b4907fdb5cfcdad43a4e3f5b3d7d4fd15f/","invalidateInfo":{"tags":["BACKEND_MAINMENU"],"mode":"matchingAnyTag"},"is_exception":false} []
[2016-04-24 19:19:09] main.DEBUG: cache_invalidate:  {"method":"POST","url":"http://dev.ambacht/admin/admin/system_config/save/section/dev/key/ec37caf8b362e586a13e21afc4bf0356e893dcb181c68e60b92e3f5279bf54c9/","invalidateInfo":{"tags":["config_scopes","CONFIG"],"mode":"matchingTag"},"is_exception":false} []
[2016-04-24 19:19:22] main.DEBUG: cache_invalidate:  {"method":"GET","url":"http://dev.ambacht/admin/admin/cache/flushSystem/key/49b727b42413a0bca7304ba8184178e7a007bc2569d867484c1ff47fc52842d6/","invalidateInfo":{"tags":[],"mode":"all"},"is_exception":false} []
[2016-04-24 19:19:22] main.DEBUG: cache_invalidate:  {"method":"GET","url":"http://dev.ambacht/admin/admin/cache/flushSystem/key/49b727b42413a0bca7304ba8184178e7a007bc2569d867484c1ff47fc52842d6/","invalidateInfo":{"tags":[],"mode":"all"},"is_exception":false} []
[2016-04-24 19:19:22] main.DEBUG: cache_invalidate:  {"method":"GET","url":"http://dev.ambacht/admin/admin/cache/flushSystem/key/49b727b42413a0bca7304ba8184178e7a007bc2569d867484c1ff47fc52842d6/","invalidateInfo":{"tags":[],"mode":"all"},"is_exception":false} []
[2016-04-24 19:19:22] main.DEBUG: cache_invalidate:  {"method":"GET","url":"http://dev.ambacht/admin/admin/cache/flushSystem/key/49b727b42413a0bca7304ba8184178e7a007bc2569d867484c1ff47fc52842d6/","invalidateInfo":{"tags":[],"mode":"all"},"is_exception":false} []
[2016-04-24 19:19:23] main.DEBUG: cache_invalidate:  {"method":"GET","url":"http://dev.ambacht/admin/admin/cache/index/key/9a7b8d47bfd53c9f47e5d6e42f233b7630fb6e7444579340098902f75f02b295/","invalidateInfo":{"tags":["interception","CONFIG"],"mode":"matchingTag"},"is_exception":false} []
