[2016-04-17 17:19:35] main.CRITICAL: exception 'Magento\Framework\Exception\LocalizedException' with message 'The element 'page.wrapper' already has a child with alias 'header_container'' in /Users/edwardbrosens/websites/dev.ambacht/vendor/magento/framework/Data/Structure.php:611
Stack trace:
#0 /Users/edwardbrosens/websites/dev.ambacht/vendor/magento/framework/Data/Structure.php(319): Magento\Framework\Data\Structure->_insertChild('page.wrapper', 'main.header', NULL, 'header_containe...')
#1 /Users/edwardbrosens/websites/dev.ambacht/vendor/magento/framework/View/Layout/ScheduledStructure/Helper.php(196): Magento\Framework\Data\Structure->setAsChild('main.header', 'page.wrapper', 'header_containe...')
#2 /Users/edwardbrosens/websites/dev.ambacht/vendor/magento/framework/View/Layout/GeneratorPool.php(115): Magento\Framework\View\Layout\ScheduledStructure\Helper->scheduleElement(Object(Magento\Framework\View\Layout\ScheduledStructure), Object(Magento\Framework\View\Layout\Data\Structure), 'main.header')
#3 /Users/edwardbrosens/websites/dev.ambacht/vendor/magento/framework/View/Layout/GeneratorPool.php(84): Magento\Framework\View\Layout\GeneratorPool->buildStructure(Object(Magento\Framework\View\Layout\ScheduledStructure), Object(Magento\Framework\View\Layout\Data\Structure))
#4 /Users/edwardbrosens/websites/dev.ambacht/vendor/magento/framework/View/Layout.php(327): Magento\Framework\View\Layout\GeneratorPool->process(Object(Magento\Framework\View\Layout\Reader\Context), Object(Magento\Framework\View\Layout\Generator\Context))
#5 /Users/edwardbrosens/websites/dev.ambacht/var/generation/Magento/Framework/View/Layout/Interceptor.php(89): Magento\Framework\View\Layout->generateElements()
#6 /Users/edwardbrosens/websites/dev.ambacht/vendor/magento/framework/View/Layout/Builder.php(129): Magento\Framework\View\Layout\Interceptor->generateElements()
#7 /Users/edwardbrosens/websites/dev.ambacht/vendor/magento/framework/View/Page/Builder.php(55): Magento\Framework\View\Layout\Builder->generateLayoutBlocks()
#8 /Users/edwardbrosens/websites/dev.ambacht/vendor/magento/framework/View/Layout/Builder.php(65): Magento\Framework\View\Page\Builder->generateLayoutBlocks()
#9 /Users/edwardbrosens/websites/dev.ambacht/vendor/magento/framework/View/Layout.php(244): Magento\Framework\View\Layout\Builder->build()
#10 /Users/edwardbrosens/websites/dev.ambacht/vendor/magento/framework/View/Layout.php(859): Magento\Framework\View\Layout->build()
#11 /Users/edwardbrosens/websites/dev.ambacht/var/generation/Magento/Framework/View/Layout/Interceptor.php(414): Magento\Framework\View\Layout->getBlock('page_content_he...')
#12 /Users/edwardbrosens/websites/dev.ambacht/vendor/magento/module-cms/Helper/Page.php(171): Magento\Framework\View\Layout\Interceptor->getBlock('page_content_he...')
#13 /Users/edwardbrosens/websites/dev.ambacht/vendor/magento/module-cms/Controller/Noroute/Index.php(44): Magento\Cms\Helper\Page->prepareResultPage(Object(Magento\Cms\Controller\Noroute\Index\Interceptor), 'no-route')
#14 /Users/edwardbrosens/websites/dev.ambacht/var/generation/Magento/Cms/Controller/Noroute/Index/Interceptor.php(24): Magento\Cms\Controller\Noroute\Index->execute()
#15 /Users/edwardbrosens/websites/dev.ambacht/vendor/magento/framework/App/Action/Action.php(102): Magento\Cms\Controller\Noroute\Index\Interceptor->execute()
#16 [internal function]: Magento\Framework\App\Action\Action->dispatch(Object(Magento\Framework\App\Request\Http))
#17 /Users/edwardbrosens/websites/dev.ambacht/vendor/magento/framework/Interception/Interceptor.php(74): call_user_func_array(Array, Array)
#18 /Users/edwardbrosens/websites/dev.ambacht/vendor/magento/framework/Interception/Chain/Chain.php(70): Magento\Cms\Controller\Noroute\Index\Interceptor->___callParent('dispatch', Array)
#19 /Users/edwardbrosens/websites/dev.ambacht/vendor/magento/framework/Interception/Chain/Chain.php(63): Magento\Framework\Interception\Chain\Chain->invokeNext('Magento\Cms\Con...', 'dispatch', Object(Magento\Cms\Controller\Noroute\Index\Interceptor), Array, 'designLoader')
#20 /Users/edwardbrosens/websites/dev.ambacht/vendor/magento/framework/App/Action/Plugin/Design.php(39): Magento\Framework\Interception\Chain\Chain->Magento\Framework\Interception\Chain\{closure}(Object(Magento\Framework\App\Request\Http))
#21 [internal function]: Magento\Framework\App\Action\Plugin\Design->aroundDispatch(Object(Magento\Cms\Controller\Noroute\Index\Interceptor), Object(Closure), Object(Magento\Framework\App\Request\Http))
#22 /Users/edwardbrosens/websites/dev.ambacht/vendor/magento/framework/Interception/Chain/Chain.php(68): call_user_func_array(Array, Array)
#23 /Users/edwardbrosens/websites/dev.ambacht/vendor/magento/framework/Interception/Chain/Chain.php(63): Magento\Framework\Interception\Chain\Chain->invokeNext('Magento\Cms\Con...', 'dispatch', Object(Magento\Cms\Controller\Noroute\Index\Interceptor), Array, 'customer-app-ac...')
#24 /Users/edwardbrosens/websites/dev.ambacht/vendor/magento/module-customer/Model/App/Action/ContextPlugin.php(61): Magento\Framework\Interception\Chain\Chain->Magento\Framework\Interception\Chain\{closure}(Object(Magento\Framework\App\Request\Http))
#25 [internal function]: Magento\Customer\Model\App\Action\ContextPlugin->aroundDispatch(Object(Magento\Cms\Controller\Noroute\Index\Interceptor), Object(Closure), Object(Magento\Framework\App\Request\Http))
#26 /Users/edwardbrosens/websites/dev.ambacht/vendor/magento/framework/Interception/Chain/Chain.php(68): call_user_func_array(Array, Array)
#27 /Users/edwardbrosens/websites/dev.ambacht/vendor/magento/framework/Interception/Chain/Chain.php(63): Magento\Framework\Interception\Chain\Chain->invokeNext('Magento\Cms\Con...', 'dispatch', Object(Magento\Cms\Controller\Noroute\Index\Interceptor), Array, 'contextPlugin')
#28 /Users/edwardbrosens/websites/dev.ambacht/vendor/magento/module-store/App/Action/Plugin/Context.php(98): Magento\Framework\Interception\Chain\Chain->Magento\Framework\Interception\Chain\{closure}(Object(Magento\Framework\App\Request\Http))
#29 [internal function]: Magento\Store\App\Action\Plugin\Context->aroundDispatch(Object(Magento\Cms\Controller\Noroute\Index\Interceptor), Object(Closure), Object(Magento\Framework\App\Request\Http))
#30 /Users/edwardbrosens/websites/dev.ambacht/vendor/magento/framework/Interception/Chain/Chain.php(68): call_user_func_array(Array, Array)
#31 /Users/edwardbrosens/websites/dev.ambacht/vendor/magento/framework/Interception/Chain/Chain.php(63): Magento\Framework\Interception\Chain\Chain->invokeNext('Magento\Cms\Con...', 'dispatch', Object(Magento\Cms\Controller\Noroute\Index\Interceptor), Array, 'storeCheck')
#32 /Users/edwardbrosens/websites/dev.ambacht/vendor/magento/module-store/App/Action/Plugin/StoreCheck.php(44): Magento\Framework\Interception\Chain\Chain->Magento\Framework\Interception\Chain\{closure}(Object(Magento\Framework\App\Request\Http))
#33 [internal function]: Magento\Store\App\Action\Plugin\StoreCheck->aroundDispatch(Object(Magento\Cms\Controller\Noroute\Index\Interceptor), Object(Closure), Object(Magento\Framework\App\Request\Http))
#34 /Users/edwardbrosens/websites/dev.ambacht/vendor/magento/framework/Interception/Chain/Chain.php(68): call_user_func_array(Array, Array)
#35 /Users/edwardbrosens/websites/dev.ambacht/vendor/magento/framework/Interception/Chain/Chain.php(63): Magento\Framework\Interception\Chain\Chain->invokeNext('Magento\Cms\Con...', 'dispatch', Object(Magento\Cms\Controller\Noroute\Index\Interceptor), Array, 'tax-app-action-...')
#36 /Users/edwardbrosens/websites/dev.ambacht/vendor/magento/module-tax/Model/App/Action/ContextPlugin.php(91): Magento\Framework\Interception\Chain\Chain->Magento\Framework\Interception\Chain\{closure}(Object(Magento\Framework\App\Request\Http))
#37 [internal function]: Magento\Tax\Model\App\Action\ContextPlugin->aroundDispatch(Object(Magento\Cms\Controller\Noroute\Index\Interceptor), Object(Closure), Object(Magento\Framework\App\Request\Http))
#38 /Users/edwardbrosens/websites/dev.ambacht/vendor/magento/framework/Interception/Chain/Chain.php(68): call_user_func_array(Array, Array)
#39 /Users/edwardbrosens/websites/dev.ambacht/vendor/magento/framework/Interception/Interceptor.php(136): Magento\Framework\Interception\Chain\Chain->invokeNext('Magento\Cms\Con...', 'dispatch', Object(Magento\Cms\Controller\Noroute\Index\Interceptor), Array, 'weee-app-action...')
#40 /Users/edwardbrosens/websites/dev.ambacht/vendor/magento/module-weee/Model/App/Action/ContextPlugin.php(112): Magento\Cms\Controller\Noroute\Index\Interceptor->Magento\Framework\Interception\{closure}(Object(Magento\Framework\App\Request\Http))
#41 [internal function]: Magento\Weee\Model\App\Action\ContextPlugin->aroundDispatch(Object(Magento\Cms\Controller\Noroute\Index\Interceptor), Object(Closure), Object(Magento\Framework\App\Request\Http))
#42 /Users/edwardbrosens/websites/dev.ambacht/vendor/magento/framework/Interception/Interceptor.php(141): call_user_func_array(Array, Array)
#43 /Users/edwardbrosens/websites/dev.ambacht/var/generation/Magento/Cms/Controller/Noroute/Index/Interceptor.php(39): Magento\Cms\Controller\Noroute\Index\Interceptor->___callPlugins('dispatch', Array, Array)
#44 /Users/edwardbrosens/websites/dev.ambacht/vendor/magento/framework/App/FrontController.php(55): Magento\Cms\Controller\Noroute\Index\Interceptor->dispatch(Object(Magento\Framework\App\Request\Http))
#45 [internal function]: Magento\Framework\App\FrontController->dispatch(Object(Magento\Framework\App\Request\Http))
#46 /Users/edwardbrosens/websites/dev.ambacht/vendor/magento/framework/Interception/Interceptor.php(74): call_user_func_array(Array, Array)
#47 /Users/edwardbrosens/websites/dev.ambacht/vendor/magento/framework/Interception/Chain/Chain.php(70): Magento\Framework\App\FrontController\Interceptor->___callParent('dispatch', Array)
#48 /Users/edwardbrosens/websites/dev.ambacht/vendor/magento/framework/Interception/Chain/Chain.php(63): Magento\Framework\Interception\Chain\Chain->invokeNext('Magento\Framewo...', 'dispatch', Object(Magento\Framework\App\FrontController\Interceptor), Array, 'requestPreproce...')
#49 /Users/edwardbrosens/websites/dev.ambacht/vendor/magento/module-store/App/FrontController/Plugin/RequestPreprocessor.php(89): Magento\Framework\Interception\Chain\Chain->Magento\Framework\Interception\Chain\{closure}(Object(Magento\Framework\App\Request\Http))
#50 [internal function]: Magento\Store\App\FrontController\Plugin\RequestPreprocessor->aroundDispatch(Object(Magento\Framework\App\FrontController\Interceptor), Object(Closure), Object(Magento\Framework\App\Request\Http))
#51 /Users/edwardbrosens/websites/dev.ambacht/vendor/magento/framework/Interception/Chain/Chain.php(68): call_user_func_array(Array, Array)
#52 /Users/edwardbrosens/websites/dev.ambacht/vendor/magento/framework/Interception/Chain/Chain.php(63): Magento\Framework\Interception\Chain\Chain->invokeNext('Magento\Framewo...', 'dispatch', Object(Magento\Framework\App\FrontController\Interceptor), Array, 'install')
#53 /Users/edwardbrosens/websites/dev.ambacht/vendor/magento/framework/Module/Plugin/DbStatusValidator.php(69): Magento\Framework\Interception\Chain\Chain->Magento\Framework\Interception\Chain\{closure}(Object(Magento\Framework\App\Request\Http))
#54 [internal function]: Magento\Framework\Module\Plugin\DbStatusValidator->aroundDispatch(Object(Magento\Framework\App\FrontController\Interceptor), Object(Closure), Object(Magento\Framework\App\Request\Http))
#55 /Users/edwardbrosens/websites/dev.ambacht/vendor/magento/framework/Interception/Chain/Chain.php(68): call_user_func_array(Array, Array)
#56 /Users/edwardbrosens/websites/dev.ambacht/vendor/magento/framework/Interception/Chain/Chain.php(63): Magento\Framework\Interception\Chain\Chain->invokeNext('Magento\Framewo...', 'dispatch', Object(Magento\Framework\App\FrontController\Interceptor), Array, 'front-controlle...')
#57 /Users/edwardbrosens/websites/dev.ambacht/vendor/magento/module-page-cache/Model/App/FrontController/BuiltinPlugin.php(73): Magento\Framework\Interception\Chain\Chain->Magento\Framework\Interception\Chain\{closure}(Object(Magento\Framework\App\Request\Http))
#58 [internal function]: Magento\PageCache\Model\App\FrontController\BuiltinPlugin->aroundDispatch(Object(Magento\Framework\App\FrontController\Interceptor), Object(Closure), Object(Magento\Framework\App\Request\Http))
#59 /Users/edwardbrosens/websites/dev.ambacht/vendor/magento/framework/Interception/Chain/Chain.php(68): call_user_func_array(Array, Array)
#60 /Users/edwardbrosens/websites/dev.ambacht/vendor/magento/framework/Interception/Interceptor.php(136): Magento\Framework\Interception\Chain\Chain->invokeNext('Magento\Framewo...', 'dispatch', Object(Magento\Framework\App\FrontController\Interceptor), Array, 'front-controlle...')
#61 /Users/edwardbrosens/websites/dev.ambacht/vendor/magento/module-page-cache/Model/App/FrontController/VarnishPlugin.php(55): Magento\Framework\App\FrontController\Interceptor->Magento\Framework\Interception\{closure}(Object(Magento\Framework\App\Request\Http))
#62 [internal function]: Magento\PageCache\Model\App\FrontController\VarnishPlugin->aroundDispatch(Object(Magento\Framework\App\FrontController\Interceptor), Object(Closure), Object(Magento\Framework\App\Request\Http))
#63 /Users/edwardbrosens/websites/dev.ambacht/vendor/magento/framework/Interception/Interceptor.php(141): call_user_func_array(Array, Array)
#64 /Users/edwardbrosens/websites/dev.ambacht/var/generation/Magento/Framework/App/FrontController/Interceptor.php(26): Magento\Framework\App\FrontController\Interceptor->___callPlugins('dispatch', Array, Array)
#65 /Users/edwardbrosens/websites/dev.ambacht/vendor/magento/framework/App/Http.php(115): Magento\Framework\App\FrontController\Interceptor->dispatch(Object(Magento\Framework\App\Request\Http))
#66 /Users/edwardbrosens/websites/dev.ambacht/vendor/magento/framework/App/Bootstrap.php(258): Magento\Framework\App\Http->launch()
#67 /Users/edwardbrosens/websites/dev.ambacht/pub/index.php(37): Magento\Framework\App\Bootstrap->run(Object(Magento\Framework\App\Http))
#68 {main} [] []
[2016-04-17 17:20:03] main.CRITICAL: exception 'Magento\Framework\Exception\LocalizedException' with message 'The element 'page.wrapper' already has a child with alias 'header_container'' in /Users/edwardbrosens/websites/dev.ambacht/vendor/magento/framework/Data/Structure.php:611
Stack trace:
#0 /Users/edwardbrosens/websites/dev.ambacht/vendor/magento/framework/Data/Structure.php(319): Magento\Framework\Data\Structure->_insertChild('page.wrapper', 'main.header', NULL, 'header_containe...')
#1 /Users/edwardbrosens/websites/dev.ambacht/vendor/magento/framework/View/Layout/ScheduledStructure/Helper.php(196): Magento\Framework\Data\Structure->setAsChild('main.header', 'page.wrapper', 'header_containe...')
#2 /Users/edwardbrosens/websites/dev.ambacht/vendor/magento/framework/View/Layout/GeneratorPool.php(115): Magento\Framework\View\Layout\ScheduledStructure\Helper->scheduleElement(Object(Magento\Framework\View\Layout\ScheduledStructure), Object(Magento\Framework\View\Layout\Data\Structure), 'main.header')
#3 /Users/edwardbrosens/websites/dev.ambacht/vendor/magento/framework/View/Layout/GeneratorPool.php(84): Magento\Framework\View\Layout\GeneratorPool->buildStructure(Object(Magento\Framework\View\Layout\ScheduledStructure), Object(Magento\Framework\View\Layout\Data\Structure))
#4 /Users/edwardbrosens/websites/dev.ambacht/vendor/magento/framework/View/Layout.php(327): Magento\Framework\View\Layout\GeneratorPool->process(Object(Magento\Framework\View\Layout\Reader\Context), Object(Magento\Framework\View\Layout\Generator\Context))
#5 /Users/edwardbrosens/websites/dev.ambacht/var/generation/Magento/Framework/View/Layout/Interceptor.php(89): Magento\Framework\View\Layout->generateElements()
#6 /Users/edwardbrosens/websites/dev.ambacht/vendor/magento/framework/View/Layout/Builder.php(129): Magento\Framework\View\Layout\Interceptor->generateElements()
#7 /Users/edwardbrosens/websites/dev.ambacht/vendor/magento/framework/View/Page/Builder.php(55): Magento\Framework\View\Layout\Builder->generateLayoutBlocks()
#8 /Users/edwardbrosens/websites/dev.ambacht/vendor/magento/framework/View/Layout/Builder.php(65): Magento\Framework\View\Page\Builder->generateLayoutBlocks()
#9 /Users/edwardbrosens/websites/dev.ambacht/vendor/magento/framework/View/Layout.php(244): Magento\Framework\View\Layout\Builder->build()
#10 /Users/edwardbrosens/websites/dev.ambacht/vendor/magento/framework/View/Layout.php(859): Magento\Framework\View\Layout->build()
#11 /Users/edwardbrosens/websites/dev.ambacht/var/generation/Magento/Framework/View/Layout/Interceptor.php(414): Magento\Framework\View\Layout->getBlock('page_content_he...')
#12 /Users/edwardbrosens/websites/dev.ambacht/vendor/magento/module-cms/Helper/Page.php(171): Magento\Framework\View\Layout\Interceptor->getBlock('page_content_he...')
#13 /Users/edwardbrosens/websites/dev.ambacht/vendor/magento/module-cms/Controller/Index/Index.php(43): Magento\Cms\Helper\Page->prepareResultPage(Object(Magento\Cms\Controller\Index\Index\Interceptor), 'home')
#14 /Users/edwardbrosens/websites/dev.ambacht/var/generation/Magento/Cms/Controller/Index/Index/Interceptor.php(24): Magento\Cms\Controller\Index\Index->execute(NULL)
#15 /Users/edwardbrosens/websites/dev.ambacht/vendor/magento/framework/App/Action/Action.php(102): Magento\Cms\Controller\Index\Index\Interceptor->execute()
#16 [internal function]: Magento\Framework\App\Action\Action->dispatch(Object(Magento\Framework\App\Request\Http))
#17 /Users/edwardbrosens/websites/dev.ambacht/vendor/magento/framework/Interception/Interceptor.php(74): call_user_func_array(Array, Array)
#18 /Users/edwardbrosens/websites/dev.ambacht/vendor/magento/framework/Interception/Chain/Chain.php(70): Magento\Cms\Controller\Index\Index\Interceptor->___callParent('dispatch', Array)
#19 /Users/edwardbrosens/websites/dev.ambacht/vendor/magento/framework/Interception/Chain/Chain.php(63): Magento\Framework\Interception\Chain\Chain->invokeNext('Magento\Cms\Con...', 'dispatch', Object(Magento\Cms\Controller\Index\Index\Interceptor), Array, 'designLoader')
#20 /Users/edwardbrosens/websites/dev.ambacht/vendor/magento/framework/App/Action/Plugin/Design.php(39): Magento\Framework\Interception\Chain\Chain->Magento\Framework\Interception\Chain\{closure}(Object(Magento\Framework\App\Request\Http))
#21 [internal function]: Magento\Framework\App\Action\Plugin\Design->aroundDispatch(Object(Magento\Cms\Controller\Index\Index\Interceptor), Object(Closure), Object(Magento\Framework\App\Request\Http))
#22 /Users/edwardbrosens/websites/dev.ambacht/vendor/magento/framework/Interception/Chain/Chain.php(68): call_user_func_array(Array, Array)
#23 /Users/edwardbrosens/websites/dev.ambacht/vendor/magento/framework/Interception/Chain/Chain.php(63): Magento\Framework\Interception\Chain\Chain->invokeNext('Magento\Cms\Con...', 'dispatch', Object(Magento\Cms\Controller\Index\Index\Interceptor), Array, 'customer-app-ac...')
#24 /Users/edwardbrosens/websites/dev.ambacht/vendor/magento/module-customer/Model/App/Action/ContextPlugin.php(61): Magento\Framework\Interception\Chain\Chain->Magento\Framework\Interception\Chain\{closure}(Object(Magento\Framework\App\Request\Http))
#25 [internal function]: Magento\Customer\Model\App\Action\ContextPlugin->aroundDispatch(Object(Magento\Cms\Controller\Index\Index\Interceptor), Object(Closure), Object(Magento\Framework\App\Request\Http))
#26 /Users/edwardbrosens/websites/dev.ambacht/vendor/magento/framework/Interception/Chain/Chain.php(68): call_user_func_array(Array, Array)
#27 /Users/edwardbrosens/websites/dev.ambacht/vendor/magento/framework/Interception/Chain/Chain.php(63): Magento\Framework\Interception\Chain\Chain->invokeNext('Magento\Cms\Con...', 'dispatch', Object(Magento\Cms\Controller\Index\Index\Interceptor), Array, 'contextPlugin')
#28 /Users/edwardbrosens/websites/dev.ambacht/vendor/magento/module-store/App/Action/Plugin/Context.php(98): Magento\Framework\Interception\Chain\Chain->Magento\Framework\Interception\Chain\{closure}(Object(Magento\Framework\App\Request\Http))
#29 [internal function]: Magento\Store\App\Action\Plugin\Context->aroundDispatch(Object(Magento\Cms\Controller\Index\Index\Interceptor), Object(Closure), Object(Magento\Framework\App\Request\Http))
#30 /Users/edwardbrosens/websites/dev.ambacht/vendor/magento/framework/Interception/Chain/Chain.php(68): call_user_func_array(Array, Array)
#31 /Users/edwardbrosens/websites/dev.ambacht/vendor/magento/framework/Interception/Chain/Chain.php(63): Magento\Framework\Interception\Chain\Chain->invokeNext('Magento\Cms\Con...', 'dispatch', Object(Magento\Cms\Controller\Index\Index\Interceptor), Array, 'storeCheck')
#32 /Users/edwardbrosens/websites/dev.ambacht/vendor/magento/module-store/App/Action/Plugin/StoreCheck.php(44): Magento\Framework\Interception\Chain\Chain->Magento\Framework\Interception\Chain\{closure}(Object(Magento\Framework\App\Request\Http))
#33 [internal function]: Magento\Store\App\Action\Plugin\StoreCheck->aroundDispatch(Object(Magento\Cms\Controller\Index\Index\Interceptor), Object(Closure), Object(Magento\Framework\App\Request\Http))
#34 /Users/edwardbrosens/websites/dev.ambacht/vendor/magento/framework/Interception/Chain/Chain.php(68): call_user_func_array(Array, Array)
#35 /Users/edwardbrosens/websites/dev.ambacht/vendor/magento/framework/Interception/Chain/Chain.php(63): Magento\Framework\Interception\Chain\Chain->invokeNext('Magento\Cms\Con...', 'dispatch', Object(Magento\Cms\Controller\Index\Index\Interceptor), Array, 'tax-app-action-...')
#36 /Users/edwardbrosens/websites/dev.ambacht/vendor/magento/module-tax/Model/App/Action/ContextPlugin.php(91): Magento\Framework\Interception\Chain\Chain->Magento\Framework\Interception\Chain\{closure}(Object(Magento\Framework\App\Request\Http))
#37 [internal function]: Magento\Tax\Model\App\Action\ContextPlugin->aroundDispatch(Object(Magento\Cms\Controller\Index\Index\Interceptor), Object(Closure), Object(Magento\Framework\App\Request\Http))
#38 /Users/edwardbrosens/websites/dev.ambacht/vendor/magento/framework/Interception/Chain/Chain.php(68): call_user_func_array(Array, Array)
#39 /Users/edwardbrosens/websites/dev.ambacht/vendor/magento/framework/Interception/Interceptor.php(136): Magento\Framework\Interception\Chain\Chain->invokeNext('Magento\Cms\Con...', 'dispatch', Object(Magento\Cms\Controller\Index\Index\Interceptor), Array, 'weee-app-action...')
#40 /Users/edwardbrosens/websites/dev.ambacht/vendor/magento/module-weee/Model/App/Action/ContextPlugin.php(112): Magento\Cms\Controller\Index\Index\Interceptor->Magento\Framework\Interception\{closure}(Object(Magento\Framework\App\Request\Http))
#41 [internal function]: Magento\Weee\Model\App\Action\ContextPlugin->aroundDispatch(Object(Magento\Cms\Controller\Index\Index\Interceptor), Object(Closure), Object(Magento\Framework\App\Request\Http))
#42 /Users/edwardbrosens/websites/dev.ambacht/vendor/magento/framework/Interception/Interceptor.php(141): call_user_func_array(Array, Array)
#43 /Users/edwardbrosens/websites/dev.ambacht/var/generation/Magento/Cms/Controller/Index/Index/Interceptor.php(39): Magento\Cms\Controller\Index\Index\Interceptor->___callPlugins('dispatch', Array, Array)
#44 /Users/edwardbrosens/websites/dev.ambacht/vendor/magento/framework/App/FrontController.php(55): Magento\Cms\Controller\Index\Index\Interceptor->dispatch(Object(Magento\Framework\App\Request\Http))
#45 [internal function]: Magento\Framework\App\FrontController->dispatch(Object(Magento\Framework\App\Request\Http))
#46 /Users/edwardbrosens/websites/dev.ambacht/vendor/magento/framework/Interception/Interceptor.php(74): call_user_func_array(Array, Array)
#47 /Users/edwardbrosens/websites/dev.ambacht/vendor/magento/framework/Interception/Chain/Chain.php(70): Magento\Framework\App\FrontController\Interceptor->___callParent('dispatch', Array)
#48 /Users/edwardbrosens/websites/dev.ambacht/vendor/magento/framework/Interception/Chain/Chain.php(63): Magento\Framework\Interception\Chain\Chain->invokeNext('Magento\Framewo...', 'dispatch', Object(Magento\Framework\App\FrontController\Interceptor), Array, 'requestPreproce...')
#49 /Users/edwardbrosens/websites/dev.ambacht/vendor/magento/module-store/App/FrontController/Plugin/RequestPreprocessor.php(89): Magento\Framework\Interception\Chain\Chain->Magento\Framework\Interception\Chain\{closure}(Object(Magento\Framework\App\Request\Http))
#50 [internal function]: Magento\Store\App\FrontController\Plugin\RequestPreprocessor->aroundDispatch(Object(Magento\Framework\App\FrontController\Interceptor), Object(Closure), Object(Magento\Framework\App\Request\Http))
#51 /Users/edwardbrosens/websites/dev.ambacht/vendor/magento/framework/Interception/Chain/Chain.php(68): call_user_func_array(Array, Array)
#52 /Users/edwardbrosens/websites/dev.ambacht/vendor/magento/framework/Interception/Chain/Chain.php(63): Magento\Framework\Interception\Chain\Chain->invokeNext('Magento\Framewo...', 'dispatch', Object(Magento\Framework\App\FrontController\Interceptor), Array, 'install')
#53 /Users/edwardbrosens/websites/dev.ambacht/vendor/magento/framework/Module/Plugin/DbStatusValidator.php(69): Magento\Framework\Interception\Chain\Chain->Magento\Framework\Interception\Chain\{closure}(Object(Magento\Framework\App\Request\Http))
#54 [internal function]: Magento\Framework\Module\Plugin\DbStatusValidator->aroundDispatch(Object(Magento\Framework\App\FrontController\Interceptor), Object(Closure), Object(Magento\Framework\App\Request\Http))
#55 /Users/edwardbrosens/websites/dev.ambacht/vendor/magento/framework/Interception/Chain/Chain.php(68): call_user_func_array(Array, Array)
#56 /Users/edwardbrosens/websites/dev.ambacht/vendor/magento/framework/Interception/Chain/Chain.php(63): Magento\Framework\Interception\Chain\Chain->invokeNext('Magento\Framewo...', 'dispatch', Object(Magento\Framework\App\FrontController\Interceptor), Array, 'front-controlle...')
#57 /Users/edwardbrosens/websites/dev.ambacht/vendor/magento/module-page-cache/Model/App/FrontController/BuiltinPlugin.php(73): Magento\Framework\Interception\Chain\Chain->Magento\Framework\Interception\Chain\{closure}(Object(Magento\Framework\App\Request\Http))
#58 [internal function]: Magento\PageCache\Model\App\FrontController\BuiltinPlugin->aroundDispatch(Object(Magento\Framework\App\FrontController\Interceptor), Object(Closure), Object(Magento\Framework\App\Request\Http))
#59 /Users/edwardbrosens/websites/dev.ambacht/vendor/magento/framework/Interception/Chain/Chain.php(68): call_user_func_array(Array, Array)
#60 /Users/edwardbrosens/websites/dev.ambacht/vendor/magento/framework/Interception/Interceptor.php(136): Magento\Framework\Interception\Chain\Chain->invokeNext('Magento\Framewo...', 'dispatch', Object(Magento\Framework\App\FrontController\Interceptor), Array, 'front-controlle...')
#61 /Users/edwardbrosens/websites/dev.ambacht/vendor/magento/module-page-cache/Model/App/FrontController/VarnishPlugin.php(55): Magento\Framework\App\FrontController\Interceptor->Magento\Framework\Interception\{closure}(Object(Magento\Framework\App\Request\Http))
#62 [internal function]: Magento\PageCache\Model\App\FrontController\VarnishPlugin->aroundDispatch(Object(Magento\Framework\App\FrontController\Interceptor), Object(Closure), Object(Magento\Framework\App\Request\Http))
#63 /Users/edwardbrosens/websites/dev.ambacht/vendor/magento/framework/Interception/Interceptor.php(141): call_user_func_array(Array, Array)
#64 /Users/edwardbrosens/websites/dev.ambacht/var/generation/Magento/Framework/App/FrontController/Interceptor.php(26): Magento\Framework\App\FrontController\Interceptor->___callPlugins('dispatch', Array, Array)
#65 /Users/edwardbrosens/websites/dev.ambacht/vendor/magento/framework/App/Http.php(115): Magento\Framework\App\FrontController\Interceptor->dispatch(Object(Magento\Framework\App\Request\Http))
#66 /Users/edwardbrosens/websites/dev.ambacht/vendor/magento/framework/App/Bootstrap.php(258): Magento\Framework\App\Http->launch()
#67 /Users/edwardbrosens/websites/dev.ambacht/pub/index.php(37): Magento\Framework\App\Bootstrap->run(Object(Magento\Framework\App\Http))
#68 {main} [] []
[2016-04-17 17:20:40] main.CRITICAL: exception 'Magento\Framework\Exception\LocalizedException' with message 'The element 'page.wrapper' already has a child with alias 'header_container'' in /Users/edwardbrosens/websites/dev.ambacht/vendor/magento/framework/Data/Structure.php:611
Stack trace:
#0 /Users/edwardbrosens/websites/dev.ambacht/vendor/magento/framework/Data/Structure.php(319): Magento\Framework\Data\Structure->_insertChild('page.wrapper', 'main.header', NULL, 'header_containe...')
#1 /Users/edwardbrosens/websites/dev.ambacht/vendor/magento/framework/View/Layout/ScheduledStructure/Helper.php(196): Magento\Framework\Data\Structure->setAsChild('main.header', 'page.wrapper', 'header_containe...')
#2 /Users/edwardbrosens/websites/dev.ambacht/vendor/magento/framework/View/Layout/GeneratorPool.php(115): Magento\Framework\View\Layout\ScheduledStructure\Helper->scheduleElement(Object(Magento\Framework\View\Layout\ScheduledStructure), Object(Magento\Framework\View\Layout\Data\Structure), 'main.header')
#3 /Users/edwardbrosens/websites/dev.ambacht/vendor/magento/framework/View/Layout/GeneratorPool.php(84): Magento\Framework\View\Layout\GeneratorPool->buildStructure(Object(Magento\Framework\View\Layout\ScheduledStructure), Object(Magento\Framework\View\Layout\Data\Structure))
#4 /Users/edwardbrosens/websites/dev.ambacht/vendor/magento/framework/View/Layout.php(327): Magento\Framework\View\Layout\GeneratorPool->process(Object(Magento\Framework\View\Layout\Reader\Context), Object(Magento\Framework\View\Layout\Generator\Context))
#5 /Users/edwardbrosens/websites/dev.ambacht/var/generation/Magento/Framework/View/Layout/Interceptor.php(89): Magento\Framework\View\Layout->generateElements()
#6 /Users/edwardbrosens/websites/dev.ambacht/vendor/magento/framework/View/Layout/Builder.php(129): Magento\Framework\View\Layout\Interceptor->generateElements()
#7 /Users/edwardbrosens/websites/dev.ambacht/vendor/magento/framework/View/Page/Builder.php(55): Magento\Framework\View\Layout\Builder->generateLayoutBlocks()
#8 /Users/edwardbrosens/websites/dev.ambacht/vendor/magento/framework/View/Layout/Builder.php(65): Magento\Framework\View\Page\Builder->generateLayoutBlocks()
#9 /Users/edwardbrosens/websites/dev.ambacht/vendor/magento/framework/View/Layout.php(244): Magento\Framework\View\Layout\Builder->build()
#10 /Users/edwardbrosens/websites/dev.ambacht/vendor/magento/framework/View/Layout.php(859): Magento\Framework\View\Layout->build()
#11 /Users/edwardbrosens/websites/dev.ambacht/var/generation/Magento/Framework/View/Layout/Interceptor.php(414): Magento\Framework\View\Layout->getBlock('page_content_he...')
#12 /Users/edwardbrosens/websites/dev.ambacht/vendor/magento/module-cms/Helper/Page.php(171): Magento\Framework\View\Layout\Interceptor->getBlock('page_content_he...')
#13 /Users/edwardbrosens/websites/dev.ambacht/vendor/magento/module-cms/Controller/Index/Index.php(43): Magento\Cms\Helper\Page->prepareResultPage(Object(Magento\Cms\Controller\Index\Index\Interceptor), 'home')
#14 /Users/edwardbrosens/websites/dev.ambacht/var/generation/Magento/Cms/Controller/Index/Index/Interceptor.php(24): Magento\Cms\Controller\Index\Index->execute(NULL)
#15 /Users/edwardbrosens/websites/dev.ambacht/vendor/magento/framework/App/Action/Action.php(102): Magento\Cms\Controller\Index\Index\Interceptor->execute()
#16 [internal function]: Magento\Framework\App\Action\Action->dispatch(Object(Magento\Framework\App\Request\Http))
#17 /Users/edwardbrosens/websites/dev.ambacht/vendor/magento/framework/Interception/Interceptor.php(74): call_user_func_array(Array, Array)
#18 /Users/edwardbrosens/websites/dev.ambacht/vendor/magento/framework/Interception/Chain/Chain.php(70): Magento\Cms\Controller\Index\Index\Interceptor->___callParent('dispatch', Array)
#19 /Users/edwardbrosens/websites/dev.ambacht/vendor/magento/framework/Interception/Chain/Chain.php(63): Magento\Framework\Interception\Chain\Chain->invokeNext('Magento\Cms\Con...', 'dispatch', Object(Magento\Cms\Controller\Index\Index\Interceptor), Array, 'designLoader')
#20 /Users/edwardbrosens/websites/dev.ambacht/vendor/magento/framework/App/Action/Plugin/Design.php(39): Magento\Framework\Interception\Chain\Chain->Magento\Framework\Interception\Chain\{closure}(Object(Magento\Framework\App\Request\Http))
#21 [internal function]: Magento\Framework\App\Action\Plugin\Design->aroundDispatch(Object(Magento\Cms\Controller\Index\Index\Interceptor), Object(Closure), Object(Magento\Framework\App\Request\Http))
#22 /Users/edwardbrosens/websites/dev.ambacht/vendor/magento/framework/Interception/Chain/Chain.php(68): call_user_func_array(Array, Array)
#23 /Users/edwardbrosens/websites/dev.ambacht/vendor/magento/framework/Interception/Chain/Chain.php(63): Magento\Framework\Interception\Chain\Chain->invokeNext('Magento\Cms\Con...', 'dispatch', Object(Magento\Cms\Controller\Index\Index\Interceptor), Array, 'customer-app-ac...')
#24 /Users/edwardbrosens/websites/dev.ambacht/vendor/magento/module-customer/Model/App/Action/ContextPlugin.php(61): Magento\Framework\Interception\Chain\Chain->Magento\Framework\Interception\Chain\{closure}(Object(Magento\Framework\App\Request\Http))
#25 [internal function]: Magento\Customer\Model\App\Action\ContextPlugin->aroundDispatch(Object(Magento\Cms\Controller\Index\Index\Interceptor), Object(Closure), Object(Magento\Framework\App\Request\Http))
#26 /Users/edwardbrosens/websites/dev.ambacht/vendor/magento/framework/Interception/Chain/Chain.php(68): call_user_func_array(Array, Array)
#27 /Users/edwardbrosens/websites/dev.ambacht/vendor/magento/framework/Interception/Chain/Chain.php(63): Magento\Framework\Interception\Chain\Chain->invokeNext('Magento\Cms\Con...', 'dispatch', Object(Magento\Cms\Controller\Index\Index\Interceptor), Array, 'contextPlugin')
#28 /Users/edwardbrosens/websites/dev.ambacht/vendor/magento/module-store/App/Action/Plugin/Context.php(98): Magento\Framework\Interception\Chain\Chain->Magento\Framework\Interception\Chain\{closure}(Object(Magento\Framework\App\Request\Http))
#29 [internal function]: Magento\Store\App\Action\Plugin\Context->aroundDispatch(Object(Magento\Cms\Controller\Index\Index\Interceptor), Object(Closure), Object(Magento\Framework\App\Request\Http))
#30 /Users/edwardbrosens/websites/dev.ambacht/vendor/magento/framework/Interception/Chain/Chain.php(68): call_user_func_array(Array, Array)
#31 /Users/edwardbrosens/websites/dev.ambacht/vendor/magento/framework/Interception/Chain/Chain.php(63): Magento\Framework\Interception\Chain\Chain->invokeNext('Magento\Cms\Con...', 'dispatch', Object(Magento\Cms\Controller\Index\Index\Interceptor), Array, 'storeCheck')
#32 /Users/edwardbrosens/websites/dev.ambacht/vendor/magento/module-store/App/Action/Plugin/StoreCheck.php(44): Magento\Framework\Interception\Chain\Chain->Magento\Framework\Interception\Chain\{closure}(Object(Magento\Framework\App\Request\Http))
#33 [internal function]: Magento\Store\App\Action\Plugin\StoreCheck->aroundDispatch(Object(Magento\Cms\Controller\Index\Index\Interceptor), Object(Closure), Object(Magento\Framework\App\Request\Http))
#34 /Users/edwardbrosens/websites/dev.ambacht/vendor/magento/framework/Interception/Chain/Chain.php(68): call_user_func_array(Array, Array)
#35 /Users/edwardbrosens/websites/dev.ambacht/vendor/magento/framework/Interception/Chain/Chain.php(63): Magento\Framework\Interception\Chain\Chain->invokeNext('Magento\Cms\Con...', 'dispatch', Object(Magento\Cms\Controller\Index\Index\Interceptor), Array, 'tax-app-action-...')
#36 /Users/edwardbrosens/websites/dev.ambacht/vendor/magento/module-tax/Model/App/Action/ContextPlugin.php(91): Magento\Framework\Interception\Chain\Chain->Magento\Framework\Interception\Chain\{closure}(Object(Magento\Framework\App\Request\Http))
#37 [internal function]: Magento\Tax\Model\App\Action\ContextPlugin->aroundDispatch(Object(Magento\Cms\Controller\Index\Index\Interceptor), Object(Closure), Object(Magento\Framework\App\Request\Http))
#38 /Users/edwardbrosens/websites/dev.ambacht/vendor/magento/framework/Interception/Chain/Chain.php(68): call_user_func_array(Array, Array)
#39 /Users/edwardbrosens/websites/dev.ambacht/vendor/magento/framework/Interception/Interceptor.php(136): Magento\Framework\Interception\Chain\Chain->invokeNext('Magento\Cms\Con...', 'dispatch', Object(Magento\Cms\Controller\Index\Index\Interceptor), Array, 'weee-app-action...')
#40 /Users/edwardbrosens/websites/dev.ambacht/vendor/magento/module-weee/Model/App/Action/ContextPlugin.php(112): Magento\Cms\Controller\Index\Index\Interceptor->Magento\Framework\Interception\{closure}(Object(Magento\Framework\App\Request\Http))
#41 [internal function]: Magento\Weee\Model\App\Action\ContextPlugin->aroundDispatch(Object(Magento\Cms\Controller\Index\Index\Interceptor), Object(Closure), Object(Magento\Framework\App\Request\Http))
#42 /Users/edwardbrosens/websites/dev.ambacht/vendor/magento/framework/Interception/Interceptor.php(141): call_user_func_array(Array, Array)
#43 /Users/edwardbrosens/websites/dev.ambacht/var/generation/Magento/Cms/Controller/Index/Index/Interceptor.php(39): Magento\Cms\Controller\Index\Index\Interceptor->___callPlugins('dispatch', Array, Array)
#44 /Users/edwardbrosens/websites/dev.ambacht/vendor/magento/framework/App/FrontController.php(55): Magento\Cms\Controller\Index\Index\Interceptor->dispatch(Object(Magento\Framework\App\Request\Http))
#45 [internal function]: Magento\Framework\App\FrontController->dispatch(Object(Magento\Framework\App\Request\Http))
#46 /Users/edwardbrosens/websites/dev.ambacht/vendor/magento/framework/Interception/Interceptor.php(74): call_user_func_array(Array, Array)
#47 /Users/edwardbrosens/websites/dev.ambacht/vendor/magento/framework/Interception/Chain/Chain.php(70): Magento\Framework\App\FrontController\Interceptor->___callParent('dispatch', Array)
#48 /Users/edwardbrosens/websites/dev.ambacht/vendor/magento/framework/Interception/Chain/Chain.php(63): Magento\Framework\Interception\Chain\Chain->invokeNext('Magento\Framewo...', 'dispatch', Object(Magento\Framework\App\FrontController\Interceptor), Array, 'requestPreproce...')
#49 /Users/edwardbrosens/websites/dev.ambacht/vendor/magento/module-store/App/FrontController/Plugin/RequestPreprocessor.php(89): Magento\Framework\Interception\Chain\Chain->Magento\Framework\Interception\Chain\{closure}(Object(Magento\Framework\App\Request\Http))
#50 [internal function]: Magento\Store\App\FrontController\Plugin\RequestPreprocessor->aroundDispatch(Object(Magento\Framework\App\FrontController\Interceptor), Object(Closure), Object(Magento\Framework\App\Request\Http))
#51 /Users/edwardbrosens/websites/dev.ambacht/vendor/magento/framework/Interception/Chain/Chain.php(68): call_user_func_array(Array, Array)
#52 /Users/edwardbrosens/websites/dev.ambacht/vendor/magento/framework/Interception/Chain/Chain.php(63): Magento\Framework\Interception\Chain\Chain->invokeNext('Magento\Framewo...', 'dispatch', Object(Magento\Framework\App\FrontController\Interceptor), Array, 'install')
#53 /Users/edwardbrosens/websites/dev.ambacht/vendor/magento/framework/Module/Plugin/DbStatusValidator.php(69): Magento\Framework\Interception\Chain\Chain->Magento\Framework\Interception\Chain\{closure}(Object(Magento\Framework\App\Request\Http))
#54 [internal function]: Magento\Framework\Module\Plugin\DbStatusValidator->aroundDispatch(Object(Magento\Framework\App\FrontController\Interceptor), Object(Closure), Object(Magento\Framework\App\Request\Http))
#55 /Users/edwardbrosens/websites/dev.ambacht/vendor/magento/framework/Interception/Chain/Chain.php(68): call_user_func_array(Array, Array)
#56 /Users/edwardbrosens/websites/dev.ambacht/vendor/magento/framework/Interception/Chain/Chain.php(63): Magento\Framework\Interception\Chain\Chain->invokeNext('Magento\Framewo...', 'dispatch', Object(Magento\Framework\App\FrontController\Interceptor), Array, 'front-controlle...')
#57 /Users/edwardbrosens/websites/dev.ambacht/vendor/magento/module-page-cache/Model/App/FrontController/BuiltinPlugin.php(73): Magento\Framework\Interception\Chain\Chain->Magento\Framework\Interception\Chain\{closure}(Object(Magento\Framework\App\Request\Http))
#58 [internal function]: Magento\PageCache\Model\App\FrontController\BuiltinPlugin->aroundDispatch(Object(Magento\Framework\App\FrontController\Interceptor), Object(Closure), Object(Magento\Framework\App\Request\Http))
#59 /Users/edwardbrosens/websites/dev.ambacht/vendor/magento/framework/Interception/Chain/Chain.php(68): call_user_func_array(Array, Array)
#60 /Users/edwardbrosens/websites/dev.ambacht/vendor/magento/framework/Interception/Interceptor.php(136): Magento\Framework\Interception\Chain\Chain->invokeNext('Magento\Framewo...', 'dispatch', Object(Magento\Framework\App\FrontController\Interceptor), Array, 'front-controlle...')
#61 /Users/edwardbrosens/websites/dev.ambacht/vendor/magento/module-page-cache/Model/App/FrontController/VarnishPlugin.php(55): Magento\Framework\App\FrontController\Interceptor->Magento\Framework\Interception\{closure}(Object(Magento\Framework\App\Request\Http))
#62 [internal function]: Magento\PageCache\Model\App\FrontController\VarnishPlugin->aroundDispatch(Object(Magento\Framework\App\FrontController\Interceptor), Object(Closure), Object(Magento\Framework\App\Request\Http))
#63 /Users/edwardbrosens/websites/dev.ambacht/vendor/magento/framework/Interception/Interceptor.php(141): call_user_func_array(Array, Array)
#64 /Users/edwardbrosens/websites/dev.ambacht/var/generation/Magento/Framework/App/FrontController/Interceptor.php(26): Magento\Framework\App\FrontController\Interceptor->___callPlugins('dispatch', Array, Array)
#65 /Users/edwardbrosens/websites/dev.ambacht/vendor/magento/framework/App/Http.php(115): Magento\Framework\App\FrontController\Interceptor->dispatch(Object(Magento\Framework\App\Request\Http))
#66 /Users/edwardbrosens/websites/dev.ambacht/vendor/magento/framework/App/Bootstrap.php(258): Magento\Framework\App\Http->launch()
#67 /Users/edwardbrosens/websites/dev.ambacht/pub/index.php(37): Magento\Framework\App\Bootstrap->run(Object(Magento\Framework\App\Http))
#68 {main} [] []
