[2016-04-24 17:40:48] main.INFO: Cache file with merged layout: LAYOUT_frontend_STORE1_5c7461af04bb11fe209659d7147d2c579: Please correct the XML data and try again.  [] []
[2016-04-24 17:40:48] main.INFO: Cache file with merged layout: LAYOUT_frontend_STORE1_5106a6c241b8797f52e1e77317b96a201: Please correct the XML data and try again.  [] []
[2016-04-24 17:40:48] main.CRITICAL: Broken reference: the 'catalog.compare.sidebar' element cannot be added as child to 'sidebar.additional', because the latter doesn't exist [] []
[2016-04-24 17:40:48] main.CRITICAL: Broken reference: the 'sale.reorder.sidebar' element cannot be added as child to 'sidebar.additional', because the latter doesn't exist [] []
[2016-04-24 17:40:48] main.CRITICAL: Broken reference: the 'wishlist_sidebar' element cannot be added as child to 'sidebar.additional', because the latter doesn't exist [] []
[2016-04-24 17:40:48] main.CRITICAL: Broken reference: the 'paypal.partner.right.logo' element cannot be added as child to 'sidebar.additional', because the latter doesn't exist [] []
[2016-04-24 17:40:48] main.CRITICAL: Broken reference: the 'bml.right.logo' element cannot be added as child to 'sidebar.additional', because the latter doesn't exist [] []
[2016-04-24 17:40:48] main.CRITICAL: Broken reference: the 'store.settings.currency' tries to reorder itself towards 'store_language', but their parents are different: 'store.settings' and 'header.panel' respectively. [] []
[2016-04-24 17:40:49] main.INFO: Cache file with merged layout: LAYOUT_frontend_STORE1_56f1b068ec7ccf4878f9284dd1137afd1: Please correct the XML data and try again.  [] []
[2016-04-24 17:40:54] main.INFO: Cache file with merged layout: LAYOUT_frontend_STORE1_564f7cbd6294e40256ecc52fd4711dd60: Please correct the XML data and try again.  [] []
[2016-04-24 17:40:54] main.INFO: Cache file with merged layout: LAYOUT_frontend_STORE1_564f7cbd6294e40256ecc52fd4711dd60: Please correct the XML data and try again.  [] []
[2016-04-24 17:40:54] main.INFO: Cache file with merged layout: LAYOUT_frontend_STORE1_564f7cbd6294e40256ecc52fd4711dd60: Please correct the XML data and try again.  [] []
[2016-04-24 17:40:54] main.INFO: Cache file with merged layout: LAYOUT_frontend_STORE1_564f7cbd6294e40256ecc52fd4711dd60: Please correct the XML data and try again.  [] []
[2016-04-24 17:40:54] main.INFO: Cache file with merged layout: LAYOUT_frontend_STORE1_564f7cbd6294e40256ecc52fd4711dd60: Please correct the XML data and try again.  [] []
[2016-04-24 17:40:54] main.INFO: Cache file with merged layout: LAYOUT_frontend_STORE1_564f7cbd6294e40256ecc52fd4711dd60: Please correct the XML data and try again.  [] []
[2016-04-24 17:40:54] main.INFO: Cache file with merged layout: LAYOUT_frontend_STORE1_5c6690f29cb80c2b881a7311e8632bc3e: Please correct the XML data and try again.  [] []
[2016-04-24 17:40:54] main.INFO: Cache file with merged layout: LAYOUT_frontend_STORE1_5c6690f29cb80c2b881a7311e8632bc3e: Please correct the XML data and try again.  [] []
[2016-04-24 17:40:54] main.INFO: Cache file with merged layout: LAYOUT_frontend_STORE1_5c6690f29cb80c2b881a7311e8632bc3e: Please correct the XML data and try again.  [] []
[2016-04-24 17:40:54] main.INFO: Cache file with merged layout: LAYOUT_frontend_STORE1_5c6690f29cb80c2b881a7311e8632bc3e: Please correct the XML data and try again.  [] []
[2016-04-24 17:40:54] main.INFO: Cache file with merged layout: LAYOUT_frontend_STORE1_5c6690f29cb80c2b881a7311e8632bc3e: Please correct the XML data and try again.  [] []
[2016-04-24 17:40:54] main.INFO: Cache file with merged layout: LAYOUT_frontend_STORE1_5c6690f29cb80c2b881a7311e8632bc3e: Please correct the XML data and try again.  [] []
[2016-04-24 17:40:54] main.CRITICAL: Broken reference: the 'store.settings.currency' tries to reorder itself towards 'store_language', but their parents are different: 'store.settings' and 'header.panel' respectively. [] []
[2016-04-24 17:40:54] main.CRITICAL: Broken reference: the 'store.settings.currency' tries to reorder itself towards 'store_language', but their parents are different: 'store.settings' and 'header.panel' respectively. [] []
[2016-04-24 17:40:54] main.CRITICAL: Broken reference: the 'store.settings.currency' tries to reorder itself towards 'store_language', but their parents are different: 'store.settings' and 'header.panel' respectively. [] []
[2016-04-24 17:40:54] main.CRITICAL: Broken reference: the 'store.settings.currency' tries to reorder itself towards 'store_language', but their parents are different: 'store.settings' and 'header.panel' respectively. [] []
[2016-04-24 17:40:54] main.CRITICAL: Broken reference: the 'store.settings.currency' tries to reorder itself towards 'store_language', but their parents are different: 'store.settings' and 'header.panel' respectively. [] []
[2016-04-24 17:40:54] main.CRITICAL: Broken reference: the 'store.settings.currency' tries to reorder itself towards 'store_language', but their parents are different: 'store.settings' and 'header.panel' respectively. [] []
[2016-04-24 17:40:56] main.CRITICAL: Broken reference: the 'store.settings.currency' tries to reorder itself towards 'store_language', but their parents are different: 'store.settings' and 'header.panel' respectively. [] []
[2016-04-24 17:40:56] main.CRITICAL: Broken reference: the 'store.settings.currency' tries to reorder itself towards 'store_language', but their parents are different: 'store.settings' and 'header.panel' respectively. [] []
[2016-04-24 17:40:57] main.CRITICAL: Broken reference: the 'store.settings.currency' tries to reorder itself towards 'store_language', but their parents are different: 'store.settings' and 'header.panel' respectively. [] []
[2016-04-24 17:46:31] main.INFO: Cache file with merged layout: LAYOUT_frontend_STORE1_564f7cbd6294e40256ecc52fd4711dd60: Please correct the XML data and try again.  [] []
[2016-04-24 17:46:31] main.INFO: Cache file with merged layout: LAYOUT_frontend_STORE1_564f7cbd6294e40256ecc52fd4711dd60: Please correct the XML data and try again.  [] []
[2016-04-24 17:46:32] main.INFO: Cache file with merged layout: LAYOUT_frontend_STORE1_564f7cbd6294e40256ecc52fd4711dd60: Please correct the XML data and try again.  [] []
[2016-04-24 17:46:32] main.INFO: Cache file with merged layout: LAYOUT_frontend_STORE1_564f7cbd6294e40256ecc52fd4711dd60: Please correct the XML data and try again.  [] []
[2016-04-24 17:46:32] main.INFO: Cache file with merged layout: LAYOUT_frontend_STORE1_5c6690f29cb80c2b881a7311e8632bc3e: Please correct the XML data and try again.  [] []
[2016-04-24 17:46:32] main.INFO: Cache file with merged layout: LAYOUT_frontend_STORE1_5c6690f29cb80c2b881a7311e8632bc3e: Please correct the XML data and try again.  [] []
[2016-04-24 17:46:32] main.INFO: Cache file with merged layout: LAYOUT_frontend_STORE1_5c6690f29cb80c2b881a7311e8632bc3e: Please correct the XML data and try again.  [] []
[2016-04-24 17:46:32] main.INFO: Cache file with merged layout: LAYOUT_frontend_STORE1_5c6690f29cb80c2b881a7311e8632bc3e: Please correct the XML data and try again.  [] []
[2016-04-24 17:46:32] main.CRITICAL: Broken reference: the 'store.settings.currency' tries to reorder itself towards 'store_language', but their parents are different: 'store.settings' and 'header.panel' respectively. [] []
[2016-04-24 17:46:32] main.CRITICAL: Broken reference: the 'store.settings.currency' tries to reorder itself towards 'store_language', but their parents are different: 'store.settings' and 'header.panel' respectively. [] []
[2016-04-24 17:46:32] main.CRITICAL: Broken reference: the 'store.settings.currency' tries to reorder itself towards 'store_language', but their parents are different: 'store.settings' and 'header.panel' respectively. [] []
[2016-04-24 17:46:32] main.CRITICAL: Broken reference: the 'store.settings.currency' tries to reorder itself towards 'store_language', but their parents are different: 'store.settings' and 'header.panel' respectively. [] []
[2016-04-24 17:46:32] main.INFO: Cache file with merged layout: LAYOUT_frontend_STORE1_56f1b068ec7ccf4878f9284dd1137afd1: Please correct the XML data and try again.  [] []
[2016-04-24 17:46:32] main.INFO: Cache file with merged layout: LAYOUT_frontend_STORE1_56f1b068ec7ccf4878f9284dd1137afd1: Please correct the XML data and try again.  [] []
[2016-04-24 17:46:32] main.INFO: Cache file with merged layout: LAYOUT_frontend_STORE1_56f1b068ec7ccf4878f9284dd1137afd1: Please correct the XML data and try again.  [] []
[2016-04-24 17:46:32] main.INFO: Cache file with merged layout: LAYOUT_frontend_STORE1_56f1b068ec7ccf4878f9284dd1137afd1: Please correct the XML data and try again.  [] []
[2016-04-24 17:46:34] main.CRITICAL: Broken reference: the 'store.settings.currency' tries to reorder itself towards 'store_language', but their parents are different: 'store.settings' and 'header.panel' respectively. [] []
[2016-04-24 17:46:34] main.CRITICAL: Broken reference: the 'store.settings.currency' tries to reorder itself towards 'store_language', but their parents are different: 'store.settings' and 'header.panel' respectively. [] []
[2016-04-24 17:46:34] main.CRITICAL: Broken reference: the 'store.settings.currency' tries to reorder itself towards 'store_language', but their parents are different: 'store.settings' and 'header.panel' respectively. [] []
[2016-04-24 17:46:35] main.CRITICAL: Broken reference: the 'store.settings.currency' tries to reorder itself towards 'store_language', but their parents are different: 'store.settings' and 'header.panel' respectively. [] []
[2016-04-24 17:46:36] main.CRITICAL: Broken reference: the 'store.settings.currency' tries to reorder itself towards 'store_language', but their parents are different: 'store.settings' and 'header.panel' respectively. [] []
[2016-04-24 17:47:35] main.CRITICAL: Broken reference: the 'store.settings.currency' tries to reorder itself towards 'store_language', but their parents are different: 'store.settings' and 'header.panel' respectively. [] []
[2016-04-24 17:48:52] main.INFO: Cache file with merged layout: LAYOUT_frontend_STORE1_5c7461af04bb11fe209659d7147d2c579: Please correct the XML data and try again.  [] []
[2016-04-24 17:48:52] main.INFO: Cache file with merged layout: LAYOUT_frontend_STORE1_5106a6c241b8797f52e1e77317b96a201: Please correct the XML data and try again.  [] []
[2016-04-24 17:48:52] main.CRITICAL: Broken reference: the 'catalog.compare.sidebar' element cannot be added as child to 'sidebar.additional', because the latter doesn't exist [] []
[2016-04-24 17:48:52] main.CRITICAL: Broken reference: the 'sale.reorder.sidebar' element cannot be added as child to 'sidebar.additional', because the latter doesn't exist [] []
[2016-04-24 17:48:52] main.CRITICAL: Broken reference: the 'wishlist_sidebar' element cannot be added as child to 'sidebar.additional', because the latter doesn't exist [] []
[2016-04-24 17:48:52] main.CRITICAL: Broken reference: the 'paypal.partner.right.logo' element cannot be added as child to 'sidebar.additional', because the latter doesn't exist [] []
[2016-04-24 17:48:52] main.CRITICAL: Broken reference: the 'bml.right.logo' element cannot be added as child to 'sidebar.additional', because the latter doesn't exist [] []
[2016-04-24 17:48:52] main.CRITICAL: Broken reference: the 'store.settings.currency' tries to reorder itself towards 'store_language', but their parents are different: 'store.settings' and 'header.panel' respectively. [] []
[2016-04-24 19:06:08] main.INFO: Cache file with merged layout: LAYOUT_frontend_STORE1_5c7461af04bb11fe209659d7147d2c579: Please correct the XML data and try again.  [] []
[2016-04-24 19:06:08] main.INFO: Cache file with merged layout: LAYOUT_frontend_STORE1_5106a6c241b8797f52e1e77317b96a201: Please correct the XML data and try again.  [] []
[2016-04-24 19:06:08] main.CRITICAL: Broken reference: the 'catalog.compare.sidebar' element cannot be added as child to 'sidebar.additional', because the latter doesn't exist [] []
[2016-04-24 19:06:08] main.CRITICAL: Broken reference: the 'sale.reorder.sidebar' element cannot be added as child to 'sidebar.additional', because the latter doesn't exist [] []
[2016-04-24 19:06:08] main.CRITICAL: Broken reference: the 'wishlist_sidebar' element cannot be added as child to 'sidebar.additional', because the latter doesn't exist [] []
[2016-04-24 19:06:08] main.CRITICAL: Broken reference: the 'paypal.partner.right.logo' element cannot be added as child to 'sidebar.additional', because the latter doesn't exist [] []
[2016-04-24 19:06:08] main.CRITICAL: Broken reference: the 'bml.right.logo' element cannot be added as child to 'sidebar.additional', because the latter doesn't exist [] []
[2016-04-24 19:06:08] main.CRITICAL: Broken reference: the 'store.settings.currency' tries to reorder itself towards 'store_language', but their parents are different: 'store.settings' and 'header.panel' respectively. [] []
[2016-04-24 19:06:09] main.INFO: Cache file with merged layout: LAYOUT_frontend_STORE1_56f1b068ec7ccf4878f9284dd1137afd1: Please correct the XML data and try again.  [] []
[2016-04-24 19:09:42] main.INFO: Cache file with merged layout: LAYOUT_frontend_STORE1_564f7cbd6294e40256ecc52fd4711dd60: Please correct the XML data and try again.  [] []
[2016-04-24 19:09:42] main.INFO: Cache file with merged layout: LAYOUT_frontend_STORE1_564f7cbd6294e40256ecc52fd4711dd60: Please correct the XML data and try again.  [] []
[2016-04-24 19:09:42] main.INFO: Cache file with merged layout: LAYOUT_frontend_STORE1_564f7cbd6294e40256ecc52fd4711dd60: Please correct the XML data and try again.  [] []
[2016-04-24 19:09:42] main.INFO: Cache file with merged layout: LAYOUT_frontend_STORE1_564f7cbd6294e40256ecc52fd4711dd60: Please correct the XML data and try again.  [] []
[2016-04-24 19:09:42] main.INFO: Cache file with merged layout: LAYOUT_frontend_STORE1_564f7cbd6294e40256ecc52fd4711dd60: Please correct the XML data and try again.  [] []
[2016-04-24 19:09:42] main.INFO: Cache file with merged layout: LAYOUT_frontend_STORE1_564f7cbd6294e40256ecc52fd4711dd60: Please correct the XML data and try again.  [] []
[2016-04-24 19:09:42] main.INFO: Cache file with merged layout: LAYOUT_frontend_STORE1_5c6690f29cb80c2b881a7311e8632bc3e: Please correct the XML data and try again.  [] []
[2016-04-24 19:09:42] main.INFO: Cache file with merged layout: LAYOUT_frontend_STORE1_5c6690f29cb80c2b881a7311e8632bc3e: Please correct the XML data and try again.  [] []
[2016-04-24 19:09:42] main.INFO: Cache file with merged layout: LAYOUT_frontend_STORE1_5c6690f29cb80c2b881a7311e8632bc3e: Please correct the XML data and try again.  [] []
[2016-04-24 19:09:42] main.INFO: Cache file with merged layout: LAYOUT_frontend_STORE1_5c6690f29cb80c2b881a7311e8632bc3e: Please correct the XML data and try again.  [] []
[2016-04-24 19:09:42] main.INFO: Cache file with merged layout: LAYOUT_frontend_STORE1_5c6690f29cb80c2b881a7311e8632bc3e: Please correct the XML data and try again.  [] []
[2016-04-24 19:09:42] main.INFO: Cache file with merged layout: LAYOUT_frontend_STORE1_5c6690f29cb80c2b881a7311e8632bc3e: Please correct the XML data and try again.  [] []
[2016-04-24 19:09:43] main.CRITICAL: Broken reference: the 'store.settings.currency' tries to reorder itself towards 'store_language', but their parents are different: 'store.settings' and 'header.panel' respectively. [] []
[2016-04-24 19:09:43] main.CRITICAL: Broken reference: the 'store.settings.currency' tries to reorder itself towards 'store_language', but their parents are different: 'store.settings' and 'header.panel' respectively. [] []
[2016-04-24 19:09:43] main.CRITICAL: Broken reference: the 'store.settings.currency' tries to reorder itself towards 'store_language', but their parents are different: 'store.settings' and 'header.panel' respectively. [] []
[2016-04-24 19:09:43] main.CRITICAL: Broken reference: the 'store.settings.currency' tries to reorder itself towards 'store_language', but their parents are different: 'store.settings' and 'header.panel' respectively. [] []
[2016-04-24 19:09:43] main.CRITICAL: Broken reference: the 'store.settings.currency' tries to reorder itself towards 'store_language', but their parents are different: 'store.settings' and 'header.panel' respectively. [] []
[2016-04-24 19:09:43] main.CRITICAL: Broken reference: the 'store.settings.currency' tries to reorder itself towards 'store_language', but their parents are different: 'store.settings' and 'header.panel' respectively. [] []
[2016-04-24 19:09:43] main.INFO: Cache file with merged layout: LAYOUT_frontend_STORE1_56f1b068ec7ccf4878f9284dd1137afd1: Please correct the XML data and try again.  [] []
[2016-04-24 19:09:43] main.INFO: Cache file with merged layout: LAYOUT_frontend_STORE1_56f1b068ec7ccf4878f9284dd1137afd1: Please correct the XML data and try again.  [] []
[2016-04-24 19:09:43] main.INFO: Cache file with merged layout: LAYOUT_frontend_STORE1_56f1b068ec7ccf4878f9284dd1137afd1: Please correct the XML data and try again.  [] []
[2016-04-24 19:09:43] main.INFO: Cache file with merged layout: LAYOUT_frontend_STORE1_56f1b068ec7ccf4878f9284dd1137afd1: Please correct the XML data and try again.  [] []
[2016-04-24 19:09:43] main.INFO: Cache file with merged layout: LAYOUT_frontend_STORE1_56f1b068ec7ccf4878f9284dd1137afd1: Please correct the XML data and try again.  [] []
[2016-04-24 19:09:43] main.INFO: Cache file with merged layout: LAYOUT_frontend_STORE1_56f1b068ec7ccf4878f9284dd1137afd1: Please correct the XML data and try again.  [] []
[2016-04-24 19:09:53] main.CRITICAL: Broken reference: the 'store.settings.currency' tries to reorder itself towards 'store_language', but their parents are different: 'store.settings' and 'header.panel' respectively. [] []
[2016-04-24 19:09:53] main.CRITICAL: Broken reference: the 'store.settings.currency' tries to reorder itself towards 'store_language', but their parents are different: 'store.settings' and 'header.panel' respectively. [] []
[2016-04-24 19:09:53] main.CRITICAL: Broken reference: the 'store.settings.currency' tries to reorder itself towards 'store_language', but their parents are different: 'store.settings' and 'header.panel' respectively. [] []
[2016-04-24 19:09:54] main.CRITICAL: Broken reference: the 'store.settings.currency' tries to reorder itself towards 'store_language', but their parents are different: 'store.settings' and 'header.panel' respectively. [] []
[2016-04-24 19:09:54] main.CRITICAL: Broken reference: the 'store.settings.currency' tries to reorder itself towards 'store_language', but their parents are different: 'store.settings' and 'header.panel' respectively. [] []
[2016-04-24 19:09:54] main.CRITICAL: Broken reference: the 'store.settings.currency' tries to reorder itself towards 'store_language', but their parents are different: 'store.settings' and 'header.panel' respectively. [] []
[2016-04-24 19:10:20] main.CRITICAL: Broken reference: the 'store.settings.currency' tries to reorder itself towards 'store_language', but their parents are different: 'store.settings' and 'header.panel' respectively. [] []
[2016-04-24 19:10:21] main.CRITICAL: Broken reference: the 'store.settings.currency' tries to reorder itself towards 'store_language', but their parents are different: 'store.settings' and 'header.panel' respectively. [] []
[2016-04-24 19:10:22] main.CRITICAL: Broken reference: the 'store.settings.currency' tries to reorder itself towards 'store_language', but their parents are different: 'store.settings' and 'header.panel' respectively. [] []
[2016-04-24 19:11:23] main.INFO: Cache file with merged layout: LAYOUT_frontend_STORE1_564f7cbd6294e40256ecc52fd4711dd60: Please correct the XML data and try again.  [] []
[2016-04-24 19:11:23] main.INFO: Cache file with merged layout: LAYOUT_frontend_STORE1_564f7cbd6294e40256ecc52fd4711dd60: Please correct the XML data and try again.  [] []
[2016-04-24 19:11:23] main.INFO: Cache file with merged layout: LAYOUT_frontend_STORE1_564f7cbd6294e40256ecc52fd4711dd60: Please correct the XML data and try again.  [] []
[2016-04-24 19:11:23] main.INFO: Cache file with merged layout: LAYOUT_frontend_STORE1_564f7cbd6294e40256ecc52fd4711dd60: Please correct the XML data and try again.  [] []
[2016-04-24 19:11:23] main.INFO: Cache file with merged layout: LAYOUT_frontend_STORE1_564f7cbd6294e40256ecc52fd4711dd60: Please correct the XML data and try again.  [] []
[2016-04-24 19:11:23] main.INFO: Cache file with merged layout: LAYOUT_frontend_STORE1_564f7cbd6294e40256ecc52fd4711dd60: Please correct the XML data and try again.  [] []
[2016-04-24 19:11:23] main.INFO: Cache file with merged layout: LAYOUT_frontend_STORE1_5c6690f29cb80c2b881a7311e8632bc3e: Please correct the XML data and try again.  [] []
[2016-04-24 19:11:23] main.INFO: Cache file with merged layout: LAYOUT_frontend_STORE1_5c6690f29cb80c2b881a7311e8632bc3e: Please correct the XML data and try again.  [] []
[2016-04-24 19:11:23] main.INFO: Cache file with merged layout: LAYOUT_frontend_STORE1_5c6690f29cb80c2b881a7311e8632bc3e: Please correct the XML data and try again.  [] []
[2016-04-24 19:11:23] main.INFO: Cache file with merged layout: LAYOUT_frontend_STORE1_5c6690f29cb80c2b881a7311e8632bc3e: Please correct the XML data and try again.  [] []
[2016-04-24 19:11:23] main.INFO: Cache file with merged layout: LAYOUT_frontend_STORE1_5c6690f29cb80c2b881a7311e8632bc3e: Please correct the XML data and try again.  [] []
[2016-04-24 19:11:23] main.INFO: Cache file with merged layout: LAYOUT_frontend_STORE1_5c6690f29cb80c2b881a7311e8632bc3e: Please correct the XML data and try again.  [] []
[2016-04-24 19:11:23] main.CRITICAL: Broken reference: the 'store.settings.currency' tries to reorder itself towards 'store_language', but their parents are different: 'store.settings' and 'header.panel' respectively. [] []
[2016-04-24 19:11:23] main.CRITICAL: Broken reference: the 'store.settings.currency' tries to reorder itself towards 'store_language', but their parents are different: 'store.settings' and 'header.panel' respectively. [] []
[2016-04-24 19:11:23] main.CRITICAL: Broken reference: the 'store.settings.currency' tries to reorder itself towards 'store_language', but their parents are different: 'store.settings' and 'header.panel' respectively. [] []
[2016-04-24 19:11:23] main.CRITICAL: Broken reference: the 'store.settings.currency' tries to reorder itself towards 'store_language', but their parents are different: 'store.settings' and 'header.panel' respectively. [] []
[2016-04-24 19:11:23] main.CRITICAL: Broken reference: the 'store.settings.currency' tries to reorder itself towards 'store_language', but their parents are different: 'store.settings' and 'header.panel' respectively. [] []
[2016-04-24 19:11:23] main.CRITICAL: Broken reference: the 'store.settings.currency' tries to reorder itself towards 'store_language', but their parents are different: 'store.settings' and 'header.panel' respectively. [] []
[2016-04-24 19:11:24] main.INFO: Cache file with merged layout: LAYOUT_frontend_STORE1_56f1b068ec7ccf4878f9284dd1137afd1: Please correct the XML data and try again.  [] []
[2016-04-24 19:11:24] main.INFO: Cache file with merged layout: LAYOUT_frontend_STORE1_56f1b068ec7ccf4878f9284dd1137afd1: Please correct the XML data and try again.  [] []
[2016-04-24 19:11:24] main.INFO: Cache file with merged layout: LAYOUT_frontend_STORE1_56f1b068ec7ccf4878f9284dd1137afd1: Please correct the XML data and try again.  [] []
[2016-04-24 19:11:24] main.INFO: Cache file with merged layout: LAYOUT_frontend_STORE1_56f1b068ec7ccf4878f9284dd1137afd1: Please correct the XML data and try again.  [] []
[2016-04-24 19:11:24] main.INFO: Cache file with merged layout: LAYOUT_frontend_STORE1_56f1b068ec7ccf4878f9284dd1137afd1: Please correct the XML data and try again.  [] []
[2016-04-24 19:11:24] main.INFO: Cache file with merged layout: LAYOUT_frontend_STORE1_56f1b068ec7ccf4878f9284dd1137afd1: Please correct the XML data and try again.  [] []
[2016-04-24 19:11:26] main.CRITICAL: Broken reference: the 'store.settings.currency' tries to reorder itself towards 'store_language', but their parents are different: 'store.settings' and 'header.panel' respectively. [] []
[2016-04-24 19:11:27] main.CRITICAL: Broken reference: the 'store.settings.currency' tries to reorder itself towards 'store_language', but their parents are different: 'store.settings' and 'header.panel' respectively. [] []
[2016-04-24 19:11:29] main.CRITICAL: Broken reference: the 'store.settings.currency' tries to reorder itself towards 'store_language', but their parents are different: 'store.settings' and 'header.panel' respectively. [] []
[2016-04-24 19:14:19] main.INFO: Cache file with merged layout: LAYOUT_frontend_STORE1_5c7461af04bb11fe209659d7147d2c579: Please correct the XML data and try again.  [] []
[2016-04-24 19:14:19] main.INFO: Cache file with merged layout: LAYOUT_frontend_STORE1_5106a6c241b8797f52e1e77317b96a201: Please correct the XML data and try again.  [] []
[2016-04-24 19:14:19] main.CRITICAL: Broken reference: the 'catalog.compare.sidebar' element cannot be added as child to 'sidebar.additional', because the latter doesn't exist [] []
[2016-04-24 19:14:19] main.CRITICAL: Broken reference: the 'sale.reorder.sidebar' element cannot be added as child to 'sidebar.additional', because the latter doesn't exist [] []
[2016-04-24 19:14:19] main.CRITICAL: Broken reference: the 'wishlist_sidebar' element cannot be added as child to 'sidebar.additional', because the latter doesn't exist [] []
[2016-04-24 19:14:19] main.CRITICAL: Broken reference: the 'paypal.partner.right.logo' element cannot be added as child to 'sidebar.additional', because the latter doesn't exist [] []
[2016-04-24 19:14:19] main.CRITICAL: Broken reference: the 'bml.right.logo' element cannot be added as child to 'sidebar.additional', because the latter doesn't exist [] []
[2016-04-24 19:14:19] main.CRITICAL: Broken reference: the 'store.settings.currency' tries to reorder itself towards 'store_language', but their parents are different: 'store.settings' and 'header.panel' respectively. [] []
[2016-04-24 19:18:39] main.INFO: Cache file with merged layout: LAYOUT_adminhtml_STORE1_3c470299521325284ed2f872fb317d47b: Please correct the XML data and try again.  [] []
[2016-04-24 19:18:39] main.INFO: Cache file with merged layout: LAYOUT_adminhtml_STORE1_331b80c99f1d265b3f83441bdff2abf85: Please correct the XML data and try again.  [] []
[2016-04-24 19:18:39] main.CRITICAL: Broken reference: the 'global_notices' element cannot be added as child to 'global.notices', because the latter doesn't exist [] []
[2016-04-24 19:18:39] main.CRITICAL: Broken reference: the 'logo' element cannot be added as child to 'header', because the latter doesn't exist [] []
[2016-04-24 19:18:39] main.CRITICAL: Broken reference: the 'global.search' element cannot be added as child to 'header', because the latter doesn't exist [] []
[2016-04-24 19:18:39] main.CRITICAL: Broken reference: the 'user' element cannot be added as child to 'header', because the latter doesn't exist [] []
[2016-04-24 19:18:39] main.CRITICAL: Broken reference: the 'menu' element cannot be added as child to 'page.menu', because the latter doesn't exist [] []
[2016-04-24 19:18:39] main.CRITICAL: Broken reference: the 'breadcrumbs' element cannot be added as child to 'page.breadcrumbs', because the latter doesn't exist [] []
[2016-04-24 19:18:39] main.CRITICAL: Broken reference: the 'formkey' element cannot be added as child to 'page.formkey', because the latter doesn't exist [] []
[2016-04-24 19:18:39] main.CRITICAL: Broken reference: the 'page.title' element cannot be added as child to 'main.top', because the latter doesn't exist [] []
[2016-04-24 19:18:39] main.CRITICAL: Broken reference: the 'messages' element cannot be added as child to 'page.messages', because the latter doesn't exist [] []
[2016-04-24 19:18:39] main.CRITICAL: Broken reference: the 'page.actions.toolbar' element cannot be added as child to 'page.main.actions', because the latter doesn't exist [] []
[2016-04-24 19:18:39] main.CRITICAL: Broken reference: the 'legal' element cannot be added as child to 'footer', because the latter doesn't exist [] []
[2016-04-24 19:18:39] main.CRITICAL: Broken reference: the 'system_messages' element cannot be added as child to 'notifications', because the latter doesn't exist [] []
[2016-04-24 19:18:39] main.CRITICAL: Broken reference: the 'unread_system_messages' element cannot be added as child to 'notifications', because the latter doesn't exist [] []
[2016-04-24 19:18:39] main.CRITICAL: Broken reference: the 'notification_window' element cannot be added as child to 'notifications', because the latter doesn't exist [] []
[2016-04-24 19:18:39] main.CRITICAL: Broken reference: the 'notification.messages' element cannot be added as child to 'header', because the latter doesn't exist [] []
[2016-04-24 19:18:39] main.CRITICAL: Broken reference: the 'header.inner.left' element cannot be added as child to 'header', because the latter doesn't exist [] []
[2016-04-24 19:18:39] main.CRITICAL: Broken reference: the 'header.inner.right' element cannot be added as child to 'header', because the latter doesn't exist [] []
[2016-04-24 19:18:39] main.CRITICAL: Broken reference: the 'logo' tries to reorder itself towards '', but their parents are different: 'header' and '' respectively. [] []
[2016-04-24 19:18:39] main.CRITICAL: Broken reference: the 'global.search' tries to reorder itself towards 'logo', but their parents are different: 'header' and '' respectively. [] []
[2016-04-24 19:18:39] main.CRITICAL: Broken reference: the 'user' tries to reorder itself towards '', but their parents are different: 'header' and '' respectively. [] []
[2016-04-24 19:18:39] main.CRITICAL: Broken reference: the 'page.actions.toolbar' tries to reorder itself towards '', but their parents are different: 'page.main.actions' and '' respectively. [] []
[2016-04-24 19:18:39] main.CRITICAL: Broken reference: the 'system_messages' tries to reorder itself towards '', but their parents are different: 'notifications' and '' respectively. [] []
[2016-04-24 19:18:39] main.CRITICAL: Broken reference: the 'unread_system_messages' tries to reorder itself towards 'system_messages', but their parents are different: 'notifications' and '' respectively. [] []
[2016-04-24 19:18:39] main.CRITICAL: Broken reference: the 'notification.messages' tries to reorder itself towards 'user', but their parents are different: 'header' and '' respectively. [] []
[2016-04-24 19:18:39] main.CRITICAL: Broken reference: the 'header.inner.left' tries to reorder itself towards '', but their parents are different: 'header' and '' respectively. [] []
[2016-04-24 19:18:39] main.CRITICAL: Broken reference: the 'header.inner.right' tries to reorder itself towards 'header.inner.left', but their parents are different: 'header' and '' respectively. [] []
[2016-04-24 19:18:39] main.CRITICAL: Broken reference: the 'global.search' tries to reorder itself towards 'notification.messages', but their parents are different: 'header.inner.right' and '' respectively. [] []
[2016-04-24 19:18:39] main.INFO: Cache file with merged layout: LAYOUT_adminhtml_STORE1_36f1b068ec7ccf4878f9284dd1137afd1: Please correct the XML data and try again.  [] []
[2016-04-24 19:18:46] main.INFO: Item Magento_Backend::system_currency was removed [] []
[2016-04-24 19:18:46] main.INFO: Add of item with id Magento_Theme::system_design_theme was processed [] []
[2016-04-24 19:18:46] main.INFO: Add of item with id Magento_Backend::system_design_schedule was processed [] []
[2016-04-24 19:18:46] main.INFO: Add of item with id Magento_Backend::system_store was processed [] []
[2016-04-24 19:18:46] main.INFO: Add of item with id Magento_Backend::dashboard was processed [] []
[2016-04-24 19:18:46] main.INFO: Add of item with id Magento_Backend::system was processed [] []
[2016-04-24 19:18:46] main.INFO: Add of item with id Magento_Backend::system_tools was processed [] []
[2016-04-24 19:18:46] main.INFO: Add of item with id Magento_Backend::system_design was processed [] []
[2016-04-24 19:18:46] main.INFO: Add of item with id Magento_Backend::system_convert was processed [] []
[2016-04-24 19:18:46] main.INFO: Add of item with id Magento_Backend::system_cache was processed [] []
[2016-04-24 19:18:46] main.INFO: Add of item with id Magento_Backend::marketing was processed [] []
[2016-04-24 19:18:46] main.INFO: Add of item with id Magento_Backend::marketing_communications was processed [] []
[2016-04-24 19:18:46] main.INFO: Add of item with id Magento_Backend::marketing_seo was processed [] []
[2016-04-24 19:18:46] main.INFO: Add of item with id Magento_Backend::marketing_user_content was processed [] []
[2016-04-24 19:18:46] main.INFO: Add of item with id Magento_Backend::content was processed [] []
[2016-04-24 19:18:46] main.INFO: Add of item with id Magento_Backend::content_elements was processed [] []
[2016-04-24 19:18:46] main.INFO: Add of item with id Magento_Backend::stores was processed [] []
[2016-04-24 19:18:46] main.INFO: Add of item with id Magento_Backend::stores_settings was processed [] []
[2016-04-24 19:18:46] main.INFO: Add of item with id Magento_Backend::stores_attributes was processed [] []
[2016-04-24 19:18:46] main.INFO: Add of item with id Magento_Backend::other_settings was processed [] []
[2016-04-24 19:18:46] main.INFO: Add of item with id Magento_Backend::system_other_settings was processed [] []
[2016-04-24 19:18:46] main.INFO: Add of item with id Magento_Backend::setup_wizard was processed [] []
[2016-04-24 19:18:46] main.INFO: Add of item with id Magento_Backup::system_tools_backup was processed [] []
[2016-04-24 19:18:46] main.INFO: Add of item with id Magento_Customer::customer was processed [] []
[2016-04-24 19:18:46] main.INFO: Add of item with id Magento_Customer::customer_manage was processed [] []
[2016-04-24 19:18:46] main.INFO: Add of item with id Magento_Customer::customer_online was processed [] []
[2016-04-24 19:18:46] main.INFO: Add of item with id Magento_Customer::customer_group was processed [] []
[2016-04-24 19:18:46] main.INFO: Add of item with id Magento_AdminNotification::system_adminnotification was processed [] []
[2016-04-24 19:18:46] main.INFO: Add of item with id Magento_Indexer::system_index was processed [] []
[2016-04-24 19:18:46] main.INFO: Add of item with id Magento_Cms::cms_page was processed [] []
[2016-04-24 19:18:46] main.INFO: Add of item with id Magento_Cms::cms_block was processed [] []
[2016-04-24 19:18:46] main.INFO: Add of item with id Magento_Catalog::catalog was processed [] []
[2016-04-24 19:18:46] main.INFO: Add of item with id Magento_Catalog::catalog_products was processed [] []
[2016-04-24 19:18:46] main.INFO: Add of item with id Magento_Catalog::catalog_categories was processed [] []
[2016-04-24 19:18:46] main.INFO: Add of item with id Magento_Catalog::catalog_attributes_attributes was processed [] []
[2016-04-24 19:18:46] main.INFO: Add of item with id Magento_Catalog::catalog_attributes_sets was processed [] []
[2016-04-24 19:18:46] main.INFO: Add of item with id Magento_Catalog::inventory was processed [] []
[2016-04-24 19:18:46] main.INFO: Add of item with id Magento_Search::search_terms was processed [] []
[2016-04-24 19:18:46] main.INFO: Add of item with id Magento_Widget::cms_widget_instance was processed [] []
[2016-04-24 19:18:46] main.INFO: Add of item with id Magento_CheckoutAgreements::sales_checkoutagreement was processed [] []
[2016-04-24 19:18:46] main.INFO: Add of item with id Magento_Config::system_config was processed [] []
[2016-04-24 19:18:46] main.INFO: Add of item with id Magento_CurrencySymbol::system_currency was processed [] []
[2016-04-24 19:18:46] main.INFO: Add of item with id Magento_CurrencySymbol::system_currency_rates was processed [] []
[2016-04-24 19:18:46] main.INFO: Add of item with id Magento_CurrencySymbol::system_currency_symbols was processed [] []
[2016-04-24 19:18:46] main.INFO: Add of item with id Magento_Downloadable::report_products_downloads was processed [] []
[2016-04-24 19:18:46] main.INFO: Add of item with id Magento_ImportExport::system_convert_import was processed [] []
[2016-04-24 19:18:46] main.INFO: Add of item with id Magento_ImportExport::system_convert_export was processed [] []
[2016-04-24 19:18:46] main.INFO: Add of item with id Magento_ImportExport::system_convert_history was processed [] []
[2016-04-24 19:18:46] main.INFO: Add of item with id Magento_Email::template was processed [] []
[2016-04-24 19:18:46] main.INFO: Add of item with id Magento_User::system_acl was processed [] []
[2016-04-24 19:18:46] main.INFO: Add of item with id Magento_User::system_acl_users was processed [] []
[2016-04-24 19:18:46] main.INFO: Add of item with id Magento_User::system_acl_roles was processed [] []
[2016-04-24 19:18:46] main.INFO: Add of item with id Magento_User::system_acl_locks was processed [] []
[2016-04-24 19:18:46] main.INFO: Add of item with id Magento_Sales::sales was processed [] []
[2016-04-24 19:18:46] main.INFO: Add of item with id Magento_Sales::sales_operation was processed [] []
[2016-04-24 19:18:46] main.INFO: Add of item with id Magento_Sales::sales_order was processed [] []
[2016-04-24 19:18:46] main.INFO: Add of item with id Magento_Sales::sales_invoice was processed [] []
[2016-04-24 19:18:46] main.INFO: Add of item with id Magento_Sales::sales_shipment was processed [] []
[2016-04-24 19:18:46] main.INFO: Add of item with id Magento_Sales::sales_creditmemo was processed [] []
[2016-04-24 19:18:46] main.INFO: Add of item with id Magento_Sales::sales_transactions was processed [] []
[2016-04-24 19:18:46] main.INFO: Add of item with id Magento_Sales::system_order_statuses was processed [] []
[2016-04-24 19:18:46] main.INFO: Add of item with id Magento_Integration::system_extensions was processed [] []
[2016-04-24 19:18:46] main.INFO: Add of item with id Magento_Integration::system_integrations was processed [] []
[2016-04-24 19:18:46] main.INFO: Add of item with id Magento_Marketplace::partners was processed [] []
[2016-04-24 19:18:46] main.INFO: Add of item with id Magento_CatalogRule::promo was processed [] []
[2016-04-24 19:18:46] main.INFO: Add of item with id Magento_CatalogRule::promo_catalog was processed [] []
[2016-04-24 19:18:46] main.INFO: Add of item with id Magento_Newsletter::newsletter_template was processed [] []
[2016-04-24 19:18:46] main.INFO: Add of item with id Magento_Newsletter::newsletter_queue was processed [] []
[2016-04-24 19:18:46] main.INFO: Add of item with id Magento_Newsletter::newsletter_subscriber was processed [] []
[2016-04-24 19:18:46] main.INFO: Add of item with id Magento_Newsletter::newsletter_problem was processed [] []
[2016-04-24 19:18:46] main.INFO: Add of item with id Magento_SalesRule::promo_quote was processed [] []
[2016-04-24 19:18:46] main.INFO: Add of item with id Magento_Paypal::report_salesroot_paypal_settlement_reports was processed [] []
[2016-04-24 19:18:46] main.INFO: Add of item with id Magento_Paypal::paypal_billing_agreement was processed [] []
[2016-04-24 19:18:46] main.INFO: Add of item with id Magento_Reports::report was processed [] []
[2016-04-24 19:18:46] main.INFO: Add of item with id Magento_Reports::report_marketing was processed [] []
[2016-04-24 19:18:46] main.INFO: Add of item with id Magento_Reports::report_salesroot was processed [] []
[2016-04-24 19:18:46] main.INFO: Add of item with id Magento_Reports::report_salesroot_sales was processed [] []
[2016-04-24 19:18:46] main.INFO: Add of item with id Magento_Reports::report_salesroot_tax was processed [] []
[2016-04-24 19:18:46] main.INFO: Add of item with id Magento_Reports::report_salesroot_invoiced was processed [] []
[2016-04-24 19:18:46] main.INFO: Add of item with id Magento_Reports::report_salesroot_shipping was processed [] []
[2016-04-24 19:18:46] main.INFO: Add of item with id Magento_Reports::report_salesroot_refunded was processed [] []
[2016-04-24 19:18:46] main.INFO: Add of item with id Magento_Reports::report_salesroot_coupons was processed [] []
[2016-04-24 19:18:46] main.INFO: Add of item with id Magento_Reports::report_shopcart_product was processed [] []
[2016-04-24 19:18:46] main.INFO: Add of item with id Magento_Reports::report_shopcart_abandoned was processed [] []
[2016-04-24 19:18:46] main.INFO: Add of item with id Magento_Reports::report_products was processed [] []
[2016-04-24 19:18:46] main.INFO: Add of item with id Magento_Reports::report_products_bestsellers was processed [] []
[2016-04-24 19:18:46] main.INFO: Add of item with id Magento_Reports::report_products_sold was processed [] []
[2016-04-24 19:18:46] main.INFO: Add of item with id Magento_Reports::report_products_viewed was processed [] []
[2016-04-24 19:18:46] main.INFO: Add of item with id Magento_Reports::report_products_lowstock was processed [] []
[2016-04-24 19:18:46] main.INFO: Add of item with id Magento_Reports::report_customers was processed [] []
[2016-04-24 19:18:46] main.INFO: Add of item with id Magento_Reports::report_customers_accounts was processed [] []
[2016-04-24 19:18:46] main.INFO: Add of item with id Magento_Reports::report_customers_totals was processed [] []
[2016-04-24 19:18:46] main.INFO: Add of item with id Magento_Reports::report_customers_orders was processed [] []
[2016-04-24 19:18:46] main.INFO: Add of item with id Magento_Reports::report_statistics was processed [] []
[2016-04-24 19:18:46] main.INFO: Add of item with id Magento_Reports::report_statistics_refresh was processed [] []
[2016-04-24 19:18:46] main.INFO: Add of item with id Magento_Search::report_search_term was processed [] []
[2016-04-24 19:18:46] main.INFO: Add of item with id Magento_Review::catalog_reviews_ratings_ratings was processed [] []
[2016-04-24 19:18:46] main.INFO: Add of item with id Magento_Review::catalog_reviews_ratings_reviews_all was processed [] []
[2016-04-24 19:18:46] main.INFO: Add of item with id Magento_Review::report_review was processed [] []
[2016-04-24 19:18:46] main.INFO: Add of item with id Magento_Review::report_review_customer was processed [] []
[2016-04-24 19:18:46] main.INFO: Add of item with id Magento_Review::report_review_product was processed [] []
[2016-04-24 19:18:46] main.INFO: Add of item with id Magento_Sitemap::catalog_sitemap was processed [] []
[2016-04-24 19:18:46] main.INFO: Add of item with id Magento_Tax::sales_tax was processed [] []
[2016-04-24 19:18:46] main.INFO: Add of item with id Magento_Tax::sales_tax_rules was processed [] []
[2016-04-24 19:18:46] main.INFO: Add of item with id Magento_Tax::sales_tax_rates was processed [] []
[2016-04-24 19:18:46] main.INFO: Add of item with id Magento_TaxImportExport::system_convert_tax was processed [] []
[2016-04-24 19:18:46] main.INFO: Add of item with id Magento_UrlRewrite::urlrewrite was processed [] []
[2016-04-24 19:18:46] main.INFO: Add of item with id Magento_EncryptionKey::system_crypt_key was processed [] []
[2016-04-24 19:18:46] main.INFO: Add of item with id Magento_Variable::system_variable was processed [] []
[2016-04-24 19:18:46] main.INFO: Add of item with id Ves_Setup::theme was processed [] []
[2016-04-24 19:18:46] main.INFO: Add of item with id Ves_Setup::tools_section was processed [] []
[2016-04-24 19:18:46] main.INFO: Add of item with id Ves_Setup::import was processed [] []
[2016-04-24 19:18:46] main.INFO: Add of item with id Ves_Setup::export was processed [] []
[2016-04-24 19:18:47] main.INFO: Cache file with merged layout: LAYOUT_adminhtml_STORE1_391fccd54da687afc76a5d6559b714906: Please correct the XML data and try again.  [] []
[2016-04-24 19:18:47] main.INFO: Cache file with merged layout: LAYOUT_adminhtml_STORE1_3cf9ab1b1723bedc1dcd665a812b00335: Please correct the XML data and try again.  [] []
[2016-04-24 19:18:47] main.CRITICAL: Broken reference: the 'header' tries to reorder itself towards 'global.notices', but their parents are different: 'page.wrapper' and 'notices.wrapper' respectively. [] []
[2016-04-24 19:18:47] main.CRITICAL: Broken reference: the 'page.breadcrumbs' tries to reorder itself towards 'notifications', but their parents are different: 'page.wrapper' and 'notices.wrapper' respectively. [] []
[2016-04-24 19:18:47] main.CRITICAL: Broken reference: the 'global.search' tries to reorder itself towards 'notification.messages', but their parents are different: 'header.inner.right' and 'header' respectively. [] []
[2016-04-24 19:18:53] main.INFO: Cache file with merged layout: LAYOUT_adminhtml_STORE1_3c4aeb00db6a394ed5a76424a54e4bfd3: Please correct the XML data and try again.  [] []
[2016-04-24 19:18:53] main.INFO: Cache file with merged layout: LAYOUT_adminhtml_STORE1_3793edbdc1c00dd1c3aa9e1b3dc856b39: Please correct the XML data and try again.  [] []
[2016-04-24 19:18:53] main.CRITICAL: Broken reference: the 'header' tries to reorder itself towards 'global.notices', but their parents are different: 'page.wrapper' and 'notices.wrapper' respectively. [] []
[2016-04-24 19:18:53] main.CRITICAL: Broken reference: the 'page.breadcrumbs' tries to reorder itself towards 'notifications', but their parents are different: 'page.wrapper' and 'notices.wrapper' respectively. [] []
[2016-04-24 19:18:53] main.CRITICAL: Broken reference: the 'global.search' tries to reorder itself towards 'notification.messages', but their parents are different: 'header.inner.right' and 'header' respectively. [] []
[2016-04-24 19:19:02] main.CRITICAL: Broken reference: the 'header' tries to reorder itself towards 'global.notices', but their parents are different: 'page.wrapper' and 'notices.wrapper' respectively. [] []
[2016-04-24 19:19:02] main.CRITICAL: Broken reference: the 'page.breadcrumbs' tries to reorder itself towards 'notifications', but their parents are different: 'page.wrapper' and 'notices.wrapper' respectively. [] []
[2016-04-24 19:19:03] main.CRITICAL: Broken reference: the 'global.search' tries to reorder itself towards 'notification.messages', but their parents are different: 'header.inner.right' and 'header' respectively. [] []
[2016-04-24 19:19:10] main.CRITICAL: Broken reference: the 'header' tries to reorder itself towards 'global.notices', but their parents are different: 'page.wrapper' and 'notices.wrapper' respectively. [] []
[2016-04-24 19:19:10] main.CRITICAL: Broken reference: the 'page.breadcrumbs' tries to reorder itself towards 'notifications', but their parents are different: 'page.wrapper' and 'notices.wrapper' respectively. [] []
[2016-04-24 19:19:10] main.CRITICAL: Broken reference: the 'global.search' tries to reorder itself towards 'notification.messages', but their parents are different: 'header.inner.right' and 'header' respectively. [] []
[2016-04-24 19:19:16] main.INFO: Cache file with merged layout: LAYOUT_adminhtml_STORE1_3fc0cb3b6ecd73a6664d7093459be0538: Please correct the XML data and try again.  [] []
[2016-04-24 19:19:16] main.CRITICAL: Broken reference: the 'header' tries to reorder itself towards 'global.notices', but their parents are different: 'page.wrapper' and 'notices.wrapper' respectively. [] []
[2016-04-24 19:19:16] main.CRITICAL: Broken reference: the 'page.breadcrumbs' tries to reorder itself towards 'notifications', but their parents are different: 'page.wrapper' and 'notices.wrapper' respectively. [] []
[2016-04-24 19:19:16] main.CRITICAL: Broken reference: the 'global.search' tries to reorder itself towards 'notification.messages', but their parents are different: 'header.inner.right' and 'header' respectively. [] []
[2016-04-24 19:19:27] main.INFO: Cache file with merged layout: LAYOUT_adminhtml_STORE1_3fc0cb3b6ecd73a6664d7093459be0538: Please correct the XML data and try again.  [] []
[2016-04-24 19:19:27] main.INFO: Cache file with merged layout: LAYOUT_adminhtml_STORE1_3cf9ab1b1723bedc1dcd665a812b00335: Please correct the XML data and try again.  [] []
[2016-04-24 19:19:27] main.CRITICAL: Broken reference: the 'header' tries to reorder itself towards 'global.notices', but their parents are different: 'page.wrapper' and 'notices.wrapper' respectively. [] []
[2016-04-24 19:19:27] main.CRITICAL: Broken reference: the 'page.breadcrumbs' tries to reorder itself towards 'notifications', but their parents are different: 'page.wrapper' and 'notices.wrapper' respectively. [] []
[2016-04-24 19:19:27] main.CRITICAL: Broken reference: the 'global.search' tries to reorder itself towards 'notification.messages', but their parents are different: 'header.inner.right' and 'header' respectively. [] []
[2016-04-24 19:19:27] main.INFO: Cache file with merged layout: LAYOUT_adminhtml_STORE1_36f1b068ec7ccf4878f9284dd1137afd1: Please correct the XML data and try again.  [] []
[2016-04-24 19:19:27] main.INFO: Item Magento_Backend::system_currency was removed [] []
[2016-04-24 19:19:27] main.INFO: Add of item with id Magento_Theme::system_design_theme was processed [] []
[2016-04-24 19:19:27] main.INFO: Add of item with id Magento_Backend::system_design_schedule was processed [] []
[2016-04-24 19:19:27] main.INFO: Add of item with id Magento_Backend::system_store was processed [] []
[2016-04-24 19:19:27] main.INFO: Add of item with id Magento_Backend::dashboard was processed [] []
[2016-04-24 19:19:27] main.INFO: Add of item with id Magento_Backend::system was processed [] []
[2016-04-24 19:19:27] main.INFO: Add of item with id Magento_Backend::system_tools was processed [] []
[2016-04-24 19:19:27] main.INFO: Add of item with id Magento_Backend::system_design was processed [] []
[2016-04-24 19:19:27] main.INFO: Add of item with id Magento_Backend::system_convert was processed [] []
[2016-04-24 19:19:27] main.INFO: Add of item with id Magento_Backend::system_cache was processed [] []
[2016-04-24 19:19:27] main.INFO: Add of item with id Magento_Backend::marketing was processed [] []
[2016-04-24 19:19:27] main.INFO: Add of item with id Magento_Backend::marketing_communications was processed [] []
[2016-04-24 19:19:27] main.INFO: Add of item with id Magento_Backend::marketing_seo was processed [] []
[2016-04-24 19:19:27] main.INFO: Add of item with id Magento_Backend::marketing_user_content was processed [] []
[2016-04-24 19:19:27] main.INFO: Add of item with id Magento_Backend::content was processed [] []
[2016-04-24 19:19:27] main.INFO: Add of item with id Magento_Backend::content_elements was processed [] []
[2016-04-24 19:19:27] main.INFO: Add of item with id Magento_Backend::stores was processed [] []
[2016-04-24 19:19:27] main.INFO: Add of item with id Magento_Backend::stores_settings was processed [] []
[2016-04-24 19:19:27] main.INFO: Add of item with id Magento_Backend::stores_attributes was processed [] []
[2016-04-24 19:19:27] main.INFO: Add of item with id Magento_Backend::other_settings was processed [] []
[2016-04-24 19:19:27] main.INFO: Add of item with id Magento_Backend::system_other_settings was processed [] []
[2016-04-24 19:19:27] main.INFO: Add of item with id Magento_Backend::setup_wizard was processed [] []
[2016-04-24 19:19:27] main.INFO: Add of item with id Magento_Backup::system_tools_backup was processed [] []
[2016-04-24 19:19:27] main.INFO: Add of item with id Magento_Customer::customer was processed [] []
[2016-04-24 19:19:27] main.INFO: Add of item with id Magento_Customer::customer_manage was processed [] []
[2016-04-24 19:19:27] main.INFO: Add of item with id Magento_Customer::customer_online was processed [] []
[2016-04-24 19:19:27] main.INFO: Add of item with id Magento_Customer::customer_group was processed [] []
[2016-04-24 19:19:27] main.INFO: Add of item with id Magento_AdminNotification::system_adminnotification was processed [] []
[2016-04-24 19:19:27] main.INFO: Add of item with id Magento_Indexer::system_index was processed [] []
[2016-04-24 19:19:27] main.INFO: Add of item with id Magento_Cms::cms_page was processed [] []
[2016-04-24 19:19:27] main.INFO: Add of item with id Magento_Cms::cms_block was processed [] []
[2016-04-24 19:19:27] main.INFO: Add of item with id Magento_Catalog::catalog was processed [] []
[2016-04-24 19:19:27] main.INFO: Add of item with id Magento_Catalog::catalog_products was processed [] []
[2016-04-24 19:19:27] main.INFO: Add of item with id Magento_Catalog::catalog_categories was processed [] []
[2016-04-24 19:19:27] main.INFO: Add of item with id Magento_Catalog::catalog_attributes_attributes was processed [] []
[2016-04-24 19:19:27] main.INFO: Add of item with id Magento_Catalog::catalog_attributes_sets was processed [] []
[2016-04-24 19:19:27] main.INFO: Add of item with id Magento_Catalog::inventory was processed [] []
[2016-04-24 19:19:27] main.INFO: Add of item with id Magento_Search::search_terms was processed [] []
[2016-04-24 19:19:27] main.INFO: Add of item with id Magento_Widget::cms_widget_instance was processed [] []
[2016-04-24 19:19:27] main.INFO: Add of item with id Magento_CheckoutAgreements::sales_checkoutagreement was processed [] []
[2016-04-24 19:19:27] main.INFO: Add of item with id Magento_Config::system_config was processed [] []
[2016-04-24 19:19:27] main.INFO: Add of item with id Magento_CurrencySymbol::system_currency was processed [] []
[2016-04-24 19:19:27] main.INFO: Add of item with id Magento_CurrencySymbol::system_currency_rates was processed [] []
[2016-04-24 19:19:27] main.INFO: Add of item with id Magento_CurrencySymbol::system_currency_symbols was processed [] []
[2016-04-24 19:19:27] main.INFO: Add of item with id Magento_Downloadable::report_products_downloads was processed [] []
[2016-04-24 19:19:27] main.INFO: Add of item with id Magento_ImportExport::system_convert_import was processed [] []
[2016-04-24 19:19:27] main.INFO: Add of item with id Magento_ImportExport::system_convert_export was processed [] []
[2016-04-24 19:19:27] main.INFO: Add of item with id Magento_ImportExport::system_convert_history was processed [] []
[2016-04-24 19:19:27] main.INFO: Add of item with id Magento_Email::template was processed [] []
[2016-04-24 19:19:27] main.INFO: Add of item with id Magento_User::system_acl was processed [] []
[2016-04-24 19:19:27] main.INFO: Add of item with id Magento_User::system_acl_users was processed [] []
[2016-04-24 19:19:27] main.INFO: Add of item with id Magento_User::system_acl_roles was processed [] []
[2016-04-24 19:19:27] main.INFO: Add of item with id Magento_User::system_acl_locks was processed [] []
[2016-04-24 19:19:27] main.INFO: Add of item with id Magento_Sales::sales was processed [] []
[2016-04-24 19:19:27] main.INFO: Add of item with id Magento_Sales::sales_operation was processed [] []
[2016-04-24 19:19:27] main.INFO: Add of item with id Magento_Sales::sales_order was processed [] []
[2016-04-24 19:19:27] main.INFO: Add of item with id Magento_Sales::sales_invoice was processed [] []
[2016-04-24 19:19:27] main.INFO: Add of item with id Magento_Sales::sales_shipment was processed [] []
[2016-04-24 19:19:27] main.INFO: Add of item with id Magento_Sales::sales_creditmemo was processed [] []
[2016-04-24 19:19:27] main.INFO: Add of item with id Magento_Sales::sales_transactions was processed [] []
[2016-04-24 19:19:27] main.INFO: Add of item with id Magento_Sales::system_order_statuses was processed [] []
[2016-04-24 19:19:27] main.INFO: Add of item with id Magento_Integration::system_extensions was processed [] []
[2016-04-24 19:19:27] main.INFO: Add of item with id Magento_Integration::system_integrations was processed [] []
[2016-04-24 19:19:27] main.INFO: Add of item with id Magento_Marketplace::partners was processed [] []
[2016-04-24 19:19:27] main.INFO: Add of item with id Magento_CatalogRule::promo was processed [] []
[2016-04-24 19:19:27] main.INFO: Add of item with id Magento_CatalogRule::promo_catalog was processed [] []
[2016-04-24 19:19:27] main.INFO: Add of item with id Magento_Newsletter::newsletter_template was processed [] []
[2016-04-24 19:19:27] main.INFO: Add of item with id Magento_Newsletter::newsletter_queue was processed [] []
[2016-04-24 19:19:27] main.INFO: Add of item with id Magento_Newsletter::newsletter_subscriber was processed [] []
[2016-04-24 19:19:27] main.INFO: Add of item with id Magento_Newsletter::newsletter_problem was processed [] []
[2016-04-24 19:19:27] main.INFO: Add of item with id Magento_SalesRule::promo_quote was processed [] []
[2016-04-24 19:19:27] main.INFO: Add of item with id Magento_Paypal::report_salesroot_paypal_settlement_reports was processed [] []
[2016-04-24 19:19:27] main.INFO: Add of item with id Magento_Paypal::paypal_billing_agreement was processed [] []
[2016-04-24 19:19:27] main.INFO: Add of item with id Magento_Reports::report was processed [] []
[2016-04-24 19:19:27] main.INFO: Add of item with id Magento_Reports::report_marketing was processed [] []
[2016-04-24 19:19:27] main.INFO: Add of item with id Magento_Reports::report_salesroot was processed [] []
[2016-04-24 19:19:27] main.INFO: Add of item with id Magento_Reports::report_salesroot_sales was processed [] []
[2016-04-24 19:19:27] main.INFO: Add of item with id Magento_Reports::report_salesroot_tax was processed [] []
[2016-04-24 19:19:27] main.INFO: Add of item with id Magento_Reports::report_salesroot_invoiced was processed [] []
[2016-04-24 19:19:27] main.INFO: Add of item with id Magento_Reports::report_salesroot_shipping was processed [] []
[2016-04-24 19:19:27] main.INFO: Add of item with id Magento_Reports::report_salesroot_refunded was processed [] []
[2016-04-24 19:19:27] main.INFO: Add of item with id Magento_Reports::report_salesroot_coupons was processed [] []
[2016-04-24 19:19:27] main.INFO: Add of item with id Magento_Reports::report_shopcart_product was processed [] []
[2016-04-24 19:19:27] main.INFO: Add of item with id Magento_Reports::report_shopcart_abandoned was processed [] []
[2016-04-24 19:19:27] main.INFO: Add of item with id Magento_Reports::report_products was processed [] []
[2016-04-24 19:19:27] main.INFO: Add of item with id Magento_Reports::report_products_bestsellers was processed [] []
[2016-04-24 19:19:27] main.INFO: Add of item with id Magento_Reports::report_products_sold was processed [] []
[2016-04-24 19:19:27] main.INFO: Add of item with id Magento_Reports::report_products_viewed was processed [] []
[2016-04-24 19:19:27] main.INFO: Add of item with id Magento_Reports::report_products_lowstock was processed [] []
[2016-04-24 19:19:27] main.INFO: Add of item with id Magento_Reports::report_customers was processed [] []
[2016-04-24 19:19:27] main.INFO: Add of item with id Magento_Reports::report_customers_accounts was processed [] []
[2016-04-24 19:19:27] main.INFO: Add of item with id Magento_Reports::report_customers_totals was processed [] []
[2016-04-24 19:19:27] main.INFO: Add of item with id Magento_Reports::report_customers_orders was processed [] []
[2016-04-24 19:19:27] main.INFO: Add of item with id Magento_Reports::report_statistics was processed [] []
[2016-04-24 19:19:27] main.INFO: Add of item with id Magento_Reports::report_statistics_refresh was processed [] []
[2016-04-24 19:19:27] main.INFO: Add of item with id Magento_Search::report_search_term was processed [] []
[2016-04-24 19:19:27] main.INFO: Add of item with id Magento_Review::catalog_reviews_ratings_ratings was processed [] []
[2016-04-24 19:19:27] main.INFO: Add of item with id Magento_Review::catalog_reviews_ratings_reviews_all was processed [] []
[2016-04-24 19:19:27] main.INFO: Add of item with id Magento_Review::report_review was processed [] []
[2016-04-24 19:19:27] main.INFO: Add of item with id Magento_Review::report_review_customer was processed [] []
[2016-04-24 19:19:27] main.INFO: Add of item with id Magento_Review::report_review_product was processed [] []
[2016-04-24 19:19:27] main.INFO: Add of item with id Magento_Sitemap::catalog_sitemap was processed [] []
[2016-04-24 19:19:27] main.INFO: Add of item with id Magento_Tax::sales_tax was processed [] []
[2016-04-24 19:19:27] main.INFO: Add of item with id Magento_Tax::sales_tax_rules was processed [] []
[2016-04-24 19:19:27] main.INFO: Add of item with id Magento_Tax::sales_tax_rates was processed [] []
[2016-04-24 19:19:27] main.INFO: Add of item with id Magento_TaxImportExport::system_convert_tax was processed [] []
[2016-04-24 19:19:27] main.INFO: Add of item with id Magento_UrlRewrite::urlrewrite was processed [] []
[2016-04-24 19:19:27] main.INFO: Add of item with id Magento_EncryptionKey::system_crypt_key was processed [] []
[2016-04-24 19:19:27] main.INFO: Add of item with id Magento_Variable::system_variable was processed [] []
[2016-04-24 19:19:27] main.INFO: Add of item with id Ves_Setup::theme was processed [] []
[2016-04-24 19:19:27] main.INFO: Add of item with id Ves_Setup::tools_section was processed [] []
[2016-04-24 19:19:27] main.INFO: Add of item with id Ves_Setup::import was processed [] []
[2016-04-24 19:19:27] main.INFO: Add of item with id Ves_Setup::export was processed [] []
[2016-04-24 19:19:40] main.INFO: Cache file with merged layout: LAYOUT_frontend_STORE1_5c7461af04bb11fe209659d7147d2c579: Please correct the XML data and try again.  [] []
[2016-04-24 19:19:40] main.INFO: Cache file with merged layout: LAYOUT_frontend_STORE1_5106a6c241b8797f52e1e77317b96a201: Please correct the XML data and try again.  [] []
[2016-04-24 19:19:40] main.CRITICAL: Broken reference: the 'catalog.compare.sidebar' element cannot be added as child to 'sidebar.additional', because the latter doesn't exist [] []
[2016-04-24 19:19:40] main.CRITICAL: Broken reference: the 'sale.reorder.sidebar' element cannot be added as child to 'sidebar.additional', because the latter doesn't exist [] []
[2016-04-24 19:19:40] main.CRITICAL: Broken reference: the 'wishlist_sidebar' element cannot be added as child to 'sidebar.additional', because the latter doesn't exist [] []
[2016-04-24 19:19:40] main.CRITICAL: Broken reference: the 'paypal.partner.right.logo' element cannot be added as child to 'sidebar.additional', because the latter doesn't exist [] []
[2016-04-24 19:19:40] main.CRITICAL: Broken reference: the 'bml.right.logo' element cannot be added as child to 'sidebar.additional', because the latter doesn't exist [] []
[2016-04-24 19:19:40] main.CRITICAL: Broken reference: the 'store.settings.currency' tries to reorder itself towards 'store_language', but their parents are different: 'store.settings' and 'header.panel' respectively. [] []
[2016-04-24 19:19:40] main.INFO: Cache file with merged layout: LAYOUT_frontend_STORE1_56f1b068ec7ccf4878f9284dd1137afd1: Please correct the XML data and try again.  [] []
[2016-04-24 21:19:59] main.INFO: Cache file with merged layout: LAYOUT_frontend_STORE1_564f7cbd6294e40256ecc52fd4711dd60: Please correct the XML data and try again.  [] []
[2016-04-24 21:19:59] main.INFO: Cache file with merged layout: LAYOUT_frontend_STORE1_5c6690f29cb80c2b881a7311e8632bc3e: Please correct the XML data and try again.  [] []
[2016-04-24 21:19:59] main.CRITICAL: Broken reference: the 'store.settings.currency' tries to reorder itself towards 'store_language', but their parents are different: 'store.settings' and 'header.panel' respectively. [] []
